{"src\\contracts\\BaseToken.sol":{"l":{"27":1,"41":107,"42":107,"43":107,"44":107,"46":107,"47":107,"48":107,"49":107,"52":107,"61":324,"69":0,"76":0,"83":0,"94":545},"path":"C:\\Users\\JannoJaerv\\repos\\1stdigital\\sFDUSD-contracts\\src\\contracts\\BaseToken.sol","s":{"1":1,"2":107,"3":107,"4":107,"5":107,"6":107,"7":107,"8":107,"9":107,"10":107,"11":324,"12":0,"13":0,"14":0,"15":545},"b":{"1":[107,0],"2":[324,0],"3":[324,0],"4":[0,0],"5":[0,0],"6":[0,0],"7":[545,0],"8":[0,0]},"f":{"1":1,"2":107,"3":324,"4":0,"5":0,"6":0,"7":545,"8":0},"fnMap":{"1":{"name":"constructor","line":26,"loc":{"start":{"line":26,"column":4},"end":{"line":28,"column":4}}},"2":{"name":"initialize","line":40,"loc":{"start":{"line":36,"column":4},"end":{"line":53,"column":4}}},"3":{"name":"mint","line":60,"loc":{"start":{"line":60,"column":4},"end":{"line":62,"column":4}}},"4":{"name":"burn","line":68,"loc":{"start":{"line":68,"column":4},"end":{"line":70,"column":4}}},"5":{"name":"pause","line":75,"loc":{"start":{"line":75,"column":4},"end":{"line":77,"column":4}}},"6":{"name":"unpause","line":82,"loc":{"start":{"line":82,"column":4},"end":{"line":84,"column":4}}},"7":{"name":"_beforeTokenTransfer","line":93,"loc":{"start":{"line":89,"column":4},"end":{"line":95,"column":4}}},"8":{"name":"_authorizeUpgrade","line":103,"loc":{"start":{"line":100,"column":4},"end":{"line":104,"column":5}}}},"statementMap":{"1":{"start":{"line":27,"column":8},"end":{"line":27,"column":29}},"2":{"start":{"line":41,"column":8},"end":{"line":41,"column":35}},"3":{"start":{"line":42,"column":8},"end":{"line":42,"column":29}},"4":{"start":{"line":43,"column":8},"end":{"line":43,"column":31}},"5":{"start":{"line":44,"column":8},"end":{"line":44,"column":24}},"6":{"start":{"line":46,"column":8},"end":{"line":46,"column":51}},"7":{"start":{"line":47,"column":8},"end":{"line":47,"column":44}},"8":{"start":{"line":48,"column":8},"end":{"line":48,"column":46}},"9":{"start":{"line":49,"column":8},"end":{"line":49,"column":44}},"10":{"start":{"line":52,"column":8},"end":{"line":52,"column":48}},"11":{"start":{"line":61,"column":8},"end":{"line":61,"column":24}},"12":{"start":{"line":69,"column":8},"end":{"line":69,"column":32}},"13":{"start":{"line":76,"column":8},"end":{"line":76,"column":15}},"14":{"start":{"line":83,"column":8},"end":{"line":83,"column":17}},"15":{"start":{"line":94,"column":8},"end":{"line":94,"column":51}}},"branchMap":{"1":{"line":40,"type":"if","locations":[{"start":{"line":40,"column":13},"end":{"line":40,"column":13}},{"start":{"line":40,"column":13},"end":{"line":40,"column":13}}]},"2":{"line":60,"type":"if","locations":[{"start":{"line":60,"column":55},"end":{"line":60,"column":55}},{"start":{"line":60,"column":55},"end":{"line":60,"column":55}}]},"3":{"line":60,"type":"if","locations":[{"start":{"line":60,"column":77},"end":{"line":60,"column":77}},{"start":{"line":60,"column":77},"end":{"line":60,"column":77}}]},"4":{"line":68,"type":"if","locations":[{"start":{"line":68,"column":43},"end":{"line":68,"column":43}},{"start":{"line":68,"column":43},"end":{"line":68,"column":43}}]},"5":{"line":75,"type":"if","locations":[{"start":{"line":75,"column":30},"end":{"line":75,"column":30}},{"start":{"line":75,"column":30},"end":{"line":75,"column":30}}]},"6":{"line":82,"type":"if","locations":[{"start":{"line":82,"column":32},"end":{"line":82,"column":32}},{"start":{"line":82,"column":32},"end":{"line":82,"column":32}}]},"7":{"line":93,"type":"if","locations":[{"start":{"line":93,"column":24},"end":{"line":93,"column":24}},{"start":{"line":93,"column":24},"end":{"line":93,"column":24}}]},"8":{"line":103,"type":"if","locations":[{"start":{"line":103,"column":8},"end":{"line":103,"column":8}},{"start":{"line":103,"column":8},"end":{"line":103,"column":8}}]}}},"src\\contracts\\ERC4626YieldVault.sol":{"l":{"174":1,"184":107,"185":107,"186":107,"187":107,"188":107,"189":107,"191":107,"192":107,"195":107,"196":107,"197":107,"198":107,"201":107,"202":107,"203":107,"204":107,"206":107,"207":107,"208":107,"209":107,"210":107,"211":107,"216":130,"225":1,"227":0,"229":1,"230":1,"234":1,"235":1,"236":0,"239":1,"246":1,"251":1,"259":0,"260":0,"262":0,"263":0,"267":0,"268":0,"271":0,"274":0,"279":0,"286":97,"288":95,"291":95,"295":95,"302":1,"303":1,"310":33,"311":20,"315":3,"316":3,"329":1,"330":1,"332":1,"334":1,"335":1,"351":3,"352":0,"355":3,"357":3,"360":3,"362":3,"363":3,"374":86,"375":0,"381":0,"384":86,"387":86,"392":86,"393":0,"399":0,"403":86,"404":0,"410":0,"414":86,"418":86,"419":0,"425":0,"428":86,"431":86,"432":86,"435":86,"436":86,"441":86,"442":86,"443":86,"455":20,"456":20,"459":20,"461":18,"463":0,"466":0,"469":0,"470":0,"476":0,"481":20,"482":18,"485":18,"489":18,"495":18,"503":18,"504":0,"510":0,"514":20,"517":20,"519":18,"520":18,"523":18,"524":17,"526":1,"528":18,"536":4,"538":2,"542":2,"543":2,"544":2,"550":3,"552":2,"556":1,"557":1,"558":1,"564":4,"569":3,"573":2,"574":2,"575":2,"581":2,"582":1,"583":1,"584":1,"590":2,"591":1,"592":1,"593":1,"599":3,"601":1,"605":1,"606":1,"607":1,"614":4,"615":3,"617":2,"618":2,"619":2,"630":0,"631":0,"634":0,"635":0,"640":0,"641":0,"644":0,"650":0,"662":0,"665":0,"667":0,"675":2,"676":2,"677":2,"678":2,"679":2,"680":0,"690":0,"702":107,"713":107,"714":86,"716":21,"718":21,"729":1,"732":1,"739":60,"745":60,"753":60,"758":60,"761":60,"770":2,"772":2,"773":2,"777":2,"780":2,"781":2,"782":2,"784":2,"791":28,"792":28,"796":26,"802":25,"805":25,"806":23,"807":17,"808":16,"811":16,"812":16,"813":16,"814":16,"817":16,"819":14,"822":16,"833":25,"834":25,"849":25,"850":2,"857":2,"870":23,"871":6,"878":6,"889":17,"892":17,"897":17,"898":14,"902":14,"907":14,"912":14,"917":14,"934":16,"935":13,"936":13,"940":13,"949":13,"950":13,"961":8,"962":7,"965":7,"966":5,"967":5,"971":2,"975":1,"985":3,"986":0,"989":3,"991":3,"992":3,"995":3,"996":0,"1000":3,"1001":3,"1007":3,"1008":3,"1012":3,"1015":3,"1016":0,"1019":3,"1033":3,"1034":3,"1035":3,"1042":0,"1045":0,"1047":0,"1048":0,"1049":0,"1050":0,"1054":0,"1068":3,"1069":3,"1071":3,"1074":3,"1075":0,"1078":3,"1079":3,"1082":3,"1083":3,"1085":0,"1088":3,"1090":3,"1099":0,"1102":0,"1104":0,"1105":0,"1107":0,"1117":2},"path":"C:\\Users\\JannoJaerv\\repos\\1stdigital\\sFDUSD-contracts\\src\\contracts\\ERC4626YieldVault.sol","s":{"1":1,"2":107,"3":107,"4":107,"5":107,"6":107,"7":107,"8":107,"9":107,"10":107,"11":107,"12":107,"13":107,"14":130,"15":1,"16":0,"17":1,"18":1,"19":1,"20":1,"21":0,"22":1,"23":1,"24":1,"25":0,"26":0,"27":0,"28":0,"29":0,"30":0,"31":0,"32":0,"33":0,"34":97,"35":2,"36":95,"37":95,"38":95,"39":1,"40":1,"41":33,"42":13,"43":20,"44":3,"45":0,"46":3,"47":1,"48":1,"49":1,"50":1,"51":3,"52":0,"53":3,"54":3,"55":3,"56":3,"57":86,"58":0,"59":0,"60":86,"61":86,"62":86,"63":0,"64":0,"65":86,"66":0,"67":0,"68":86,"69":86,"70":0,"71":0,"72":86,"73":86,"74":86,"75":86,"76":86,"77":86,"78":20,"79":20,"80":20,"81":18,"82":0,"83":0,"84":0,"85":0,"86":0,"87":20,"88":18,"89":18,"90":18,"91":18,"92":18,"93":0,"94":0,"95":20,"96":20,"97":18,"98":18,"99":18,"100":4,"101":2,"102":2,"103":2,"104":3,"105":2,"106":1,"107":1,"108":4,"109":3,"110":2,"111":2,"112":2,"113":1,"114":1,"115":2,"116":1,"117":1,"118":3,"119":1,"120":1,"121":1,"122":4,"123":3,"124":2,"125":2,"126":0,"127":0,"128":0,"129":0,"130":0,"131":0,"132":0,"133":0,"134":0,"135":0,"136":0,"137":0,"138":0,"139":2,"140":2,"141":0,"142":2,"143":0,"144":2,"145":0,"146":2,"147":2,"148":0,"149":0,"150":107,"151":86,"152":21,"153":1,"154":60,"155":60,"156":60,"157":60,"158":60,"159":2,"160":2,"161":2,"162":2,"163":2,"164":2,"165":28,"166":28,"167":26,"168":25,"169":25,"170":23,"171":17,"172":16,"173":16,"174":16,"175":16,"176":25,"177":0,"178":25,"179":25,"180":2,"181":2,"182":23,"183":6,"184":6,"185":17,"186":17,"187":17,"188":14,"189":14,"190":14,"191":14,"192":14,"193":16,"194":13,"195":13,"196":13,"197":13,"198":13,"199":8,"200":7,"201":7,"202":5,"203":5,"204":2,"205":1,"206":3,"207":0,"208":3,"209":3,"210":3,"211":3,"212":0,"213":3,"214":3,"215":3,"216":0,"217":3,"218":3,"219":3,"220":3,"221":0,"222":0,"223":0,"224":0,"225":0,"226":0,"227":3,"228":0,"229":3,"230":0,"231":3,"232":3,"233":3,"234":3,"235":3,"236":0,"237":0,"238":0,"239":0,"240":0,"241":2},"b":{"1":[107,0],"2":[0,1],"3":[1,0],"4":[1,0],"5":[0,1],"6":[1,0],"7":[0,0],"8":[0,0],"9":[0,0],"10":[0,0],"11":[0,0],"12":[2,95],"13":[92,3],"14":[95,0],"15":[95,0],"16":[0,1],"17":[13,20],"18":[0,3],"19":[1,0],"20":[1,0],"21":[1,0],"22":[3,0],"23":[0,3],"24":[3,0],"25":[3,0],"26":[86,0],"27":[86,0],"28":[0,86],"29":[86,0],"30":[86,0],"31":[0,86],"32":[0,86],"33":[86,0],"34":[0,86],"35":[86,0],"36":[86,0],"37":[20,0],"38":[20,0],"39":[20,0],"40":[20,0],"41":[18,2],"42":[0,18],"43":[0,0],"44":[18,2],"45":[18,0],"46":[18,0],"47":[18,0],"48":[0,18],"49":[18,2],"50":[18,0],"51":[17,1],"52":[4,1],"53":[2,2],"54":[2,0],"55":[3,0],"56":[2,1],"57":[1,1],"58":[4,0],"59":[3,1],"60":[2,1],"61":[2,0],"62":[1,1],"63":[2,0],"64":[1,1],"65":[3,0],"66":[1,2],"67":[1,0],"68":[4,1],"69":[3,1],"70":[2,1],"71":[0,0],"72":[0,0],"73":[0,2],"74":[0,2],"75":[0,2],"76":[2,0],"77":[86,21],"78":[1,1],"79":[2,0],"80":[2,0],"81":[2,0],"82":[1,1],"83":[28,2],"84":[28,0],"85":[28,0],"86":[26,2],"87":[25,1],"88":[14,2],"89":[0,25],"90":[20,5],"91":[2,23],"92":[1,1],"93":[6,17],"94":[17,0],"95":[14,3],"96":[14,0],"97":[14,0],"98":[0,14],"99":[13,1],"100":[13,3],"101":[13,0],"102":[13,0],"103":[13,0],"104":[8,1],"105":[8,0],"106":[7,1],"107":[5,2],"108":[2,0],"109":[1,0],"110":[3,1],"111":[3,0],"112":[0,3],"113":[0,0],"114":[0,3],"115":[0,3],"116":[3,0],"117":[3,0],"118":[3,0],"119":[0,0],"120":[0,0],"121":[0,3],"122":[0,3],"123":[0,0],"124":[3,0],"125":[0,0],"126":[0,0],"127":[2,0]},"f":{"1":1,"2":107,"3":130,"4":1,"5":0,"6":97,"7":1,"8":33,"9":3,"10":1,"11":3,"12":86,"13":20,"14":4,"15":3,"16":4,"17":2,"18":2,"19":3,"20":4,"21":0,"22":0,"23":2,"24":0,"25":107,"26":107,"27":1,"28":60,"29":2,"30":28,"31":25,"32":25,"33":23,"34":17,"35":16,"36":8,"37":2,"38":1,"39":3,"40":3,"41":0,"42":3,"43":0,"44":2},"fnMap":{"1":{"name":"constructor","line":173,"loc":{"start":{"line":173,"column":4},"end":{"line":175,"column":4}}},"2":{"name":"initialize","line":183,"loc":{"start":{"line":177,"column":4},"end":{"line":212,"column":4}}},"3":{"name":"totalAssets","line":215,"loc":{"start":{"line":215,"column":4},"end":{"line":217,"column":4}}},"4":{"name":"_convertToShares","line":220,"loc":{"start":{"line":220,"column":4},"end":{"line":252,"column":4}}},"5":{"name":"_convertToAssets","line":254,"loc":{"start":{"line":254,"column":4},"end":{"line":280,"column":4}}},"6":{"name":"maxDeposit","line":283,"loc":{"start":{"line":283,"column":4},"end":{"line":299,"column":4}}},"7":{"name":"maxMint","line":301,"loc":{"start":{"line":301,"column":4},"end":{"line":307,"column":4}}},"8":{"name":"maxWithdraw","line":309,"loc":{"start":{"line":309,"column":4},"end":{"line":312,"column":4}}},"9":{"name":"maxRedeem","line":314,"loc":{"start":{"line":314,"column":4},"end":{"line":317,"column":4}}},"10":{"name":"mint","line":328,"loc":{"start":{"line":325,"column":4},"end":{"line":336,"column":4}}},"11":{"name":"redeem","line":349,"loc":{"start":{"line":345,"column":4},"end":{"line":364,"column":4}}},"12":{"name":"_deposit","line":372,"loc":{"start":{"line":367,"column":4},"end":{"line":444,"column":4}}},"13":{"name":"_withdraw","line":453,"loc":{"start":{"line":447,"column":4},"end":{"line":530,"column":4}}},"14":{"name":"setWithdrawalCooldown","line":535,"loc":{"start":{"line":533,"column":4},"end":{"line":545,"column":4}}},"15":{"name":"setMaxUserDeposit","line":549,"loc":{"start":{"line":547,"column":4},"end":{"line":559,"column":4}}},"16":{"name":"setMaxTotalDeposits","line":563,"loc":{"start":{"line":561,"column":4},"end":{"line":576,"column":4}}},"17":{"name":"setMinReserveRatio","line":580,"loc":{"start":{"line":578,"column":4},"end":{"line":585,"column":4}}},"18":{"name":"setMaxNAVChange","line":589,"loc":{"start":{"line":587,"column":4},"end":{"line":594,"column":4}}},"19":{"name":"setNAVUpdateDelay","line":598,"loc":{"start":{"line":596,"column":4},"end":{"line":608,"column":4}}},"20":{"name":"setTreasuryAddress","line":613,"loc":{"start":{"line":611,"column":4},"end":{"line":620,"column":4}}},"21":{"name":"isTimeConstraintMet","line":626,"loc":{"start":{"line":626,"column":4},"end":{"line":651,"column":4}}},"22":{"name":"_isTimestampValid","line":657,"loc":{"start":{"line":657,"column":4},"end":{"line":668,"column":4}}},"23":{"name":"getAverageBlockTime","line":674,"loc":{"start":{"line":674,"column":4},"end":{"line":681,"column":4}}},"24":{"name":"isCriticalActionAllowed","line":687,"loc":{"start":{"line":687,"column":4},"end":{"line":693,"column":4}}},"25":{"name":"_updateTimeConstraint","line":698,"loc":{"start":{"line":698,"column":4},"end":{"line":707,"column":4}}},"26":{"name":"_updateUserActionTime","line":712,"loc":{"start":{"line":712,"column":4},"end":{"line":720,"column":4}}},"27":{"name":"emergencyBypassTimestamp","line":728,"loc":{"start":{"line":726,"column":4},"end":{"line":733,"column":4}}},"28":{"name":"canWithdraw","line":736,"loc":{"start":{"line":736,"column":4},"end":{"line":766,"column":4}}},"29":{"name":"timeUntilWithdrawal","line":769,"loc":{"start":{"line":769,"column":4},"end":{"line":785,"column":4}}},"30":{"name":"updateNAV","line":790,"loc":{"start":{"line":787,"column":4},"end":{"line":823,"column":4}}},"31":{"name":"_calculateNAVChangePercentage","line":830,"loc":{"start":{"line":830,"column":4},"end":{"line":838,"column":4}}},"32":{"name":"_validateNAVBounds","line":845,"loc":{"start":{"line":845,"column":4},"end":{"line":859,"column":4}}},"33":{"name":"_validateNAVChangeConstraints","line":866,"loc":{"start":{"line":866,"column":4},"end":{"line":880,"column":4}}},"34":{"name":"_validateTotalAssetsConstraints","line":886,"loc":{"start":{"line":886,"column":4},"end":{"line":923,"column":4}}},"35":{"name":"_validateConversionOverflows","line":930,"loc":{"start":{"line":930,"column":4},"end":{"line":955,"column":4}}},"36":{"name":"withdrawToTreasury","line":960,"loc":{"start":{"line":958,"column":4},"end":{"line":968,"column":4}}},"37":{"name":"pause","line":970,"loc":{"start":{"line":970,"column":4},"end":{"line":972,"column":4}}},"38":{"name":"unpause","line":974,"loc":{"start":{"line":974,"column":4},"end":{"line":976,"column":4}}},"39":{"name":"batchWithdraw","line":983,"loc":{"start":{"line":979,"column":4},"end":{"line":1024,"column":4}}},"40":{"name":"_validateBatchInputs","line":1029,"loc":{"start":{"line":1029,"column":4},"end":{"line":1036,"column":4}}},"41":{"name":"_validateBatchLiquidity","line":1041,"loc":{"start":{"line":1041,"column":4},"end":{"line":1058,"column":4}}},"42":{"name":"_processBatchWithdrawal","line":1063,"loc":{"start":{"line":1063,"column":4},"end":{"line":1091,"column":4}}},"43":{"name":"_validateBatchReserveRatio","line":1096,"loc":{"start":{"line":1096,"column":4},"end":{"line":1112,"column":4}}},"44":{"name":"_authorizeUpgrade","line":1116,"loc":{"start":{"line":1114,"column":4},"end":{"line":1122,"column":4}}}},"statementMap":{"1":{"start":{"line":174,"column":8},"end":{"line":174,"column":29}},"2":{"start":{"line":184,"column":8},"end":{"line":184,"column":35}},"3":{"start":{"line":185,"column":8},"end":{"line":185,"column":34}},"4":{"start":{"line":186,"column":8},"end":{"line":186,"column":24}},"5":{"start":{"line":187,"column":8},"end":{"line":187,"column":31}},"6":{"start":{"line":188,"column":8},"end":{"line":188,"column":29}},"7":{"start":{"line":189,"column":8},"end":{"line":189,"column":31}},"8":{"start":{"line":206,"column":8},"end":{"line":206,"column":52}},"9":{"start":{"line":207,"column":8},"end":{"line":207,"column":44}},"10":{"start":{"line":208,"column":8},"end":{"line":208,"column":45}},"11":{"start":{"line":209,"column":8},"end":{"line":209,"column":47}},"12":{"start":{"line":210,"column":8},"end":{"line":210,"column":45}},"13":{"start":{"line":211,"column":8},"end":{"line":211,"column":47}},"14":{"start":{"line":216,"column":8},"end":{"line":216,"column":33}},"15":{"start":{"line":225,"column":8},"end":{"line":225,"column":8804}},"16":{"start":{"line":227,"column":12},"end":{"line":227,"column":44}},"17":{"start":{"line":229,"column":8},"end":{"line":229,"column":73}},"18":{"start":{"line":230,"column":8},"end":{"line":230,"column":74}},"19":{"start":{"line":234,"column":8},"end":{"line":234,"column":53}},"20":{"start":{"line":235,"column":8},"end":{"line":235,"column":9349}},"21":{"start":{"line":236,"column":12},"end":{"line":236,"column":62}},"22":{"start":{"line":239,"column":8},"end":{"line":239,"column":9493}},"23":{"start":{"line":246,"column":8},"end":{"line":246,"column":9698}},"24":{"start":{"line":251,"column":8},"end":{"line":251,"column":21}},"25":{"start":{"line":259,"column":8},"end":{"line":259,"column":10064}},"26":{"start":{"line":260,"column":12},"end":{"line":260,"column":44}},"27":{"start":{"line":262,"column":8},"end":{"line":262,"column":73}},"28":{"start":{"line":263,"column":8},"end":{"line":263,"column":74}},"29":{"start":{"line":267,"column":8},"end":{"line":267,"column":10436}},"30":{"start":{"line":268,"column":12},"end":{"line":268,"column":62}},"31":{"start":{"line":271,"column":8},"end":{"line":271,"column":78}},"32":{"start":{"line":274,"column":8},"end":{"line":274,"column":10721}},"33":{"start":{"line":279,"column":8},"end":{"line":279,"column":21}},"34":{"start":{"line":286,"column":8},"end":{"line":286,"column":30}},"35":{"start":{"line":286,"column":22},"end":{"line":286,"column":30}},"36":{"start":{"line":288,"column":8},"end":{"line":288,"column":11084}},"37":{"start":{"line":291,"column":8},"end":{"line":291,"column":11235}},"38":{"start":{"line":295,"column":8},"end":{"line":295,"column":11407}},"39":{"start":{"line":302,"column":8},"end":{"line":302,"column":48}},"40":{"start":{"line":303,"column":8},"end":{"line":303,"column":11724}},"41":{"start":{"line":310,"column":8},"end":{"line":310,"column":41}},"42":{"start":{"line":310,"column":33},"end":{"line":310,"column":41}},"43":{"start":{"line":311,"column":8},"end":{"line":311,"column":39}},"44":{"start":{"line":315,"column":8},"end":{"line":315,"column":41}},"45":{"start":{"line":315,"column":33},"end":{"line":315,"column":41}},"46":{"start":{"line":316,"column":8},"end":{"line":316,"column":37}},"47":{"start":{"line":329,"column":8},"end":{"line":329,"column":53}},"48":{"start":{"line":330,"column":8},"end":{"line":330,"column":74}},"49":{"start":{"line":334,"column":8},"end":{"line":334,"column":55}},"50":{"start":{"line":335,"column":8},"end":{"line":335,"column":21}},"51":{"start":{"line":351,"column":8},"end":{"line":351,"column":13284}},"52":{"start":{"line":352,"column":12},"end":{"line":352,"column":20}},"53":{"start":{"line":355,"column":8},"end":{"line":355,"column":75}},"54":{"start":{"line":360,"column":8},"end":{"line":360,"column":60}},"55":{"start":{"line":362,"column":8},"end":{"line":362,"column":63}},"56":{"start":{"line":363,"column":8},"end":{"line":363,"column":21}},"57":{"start":{"line":374,"column":8},"end":{"line":374,"column":14023}},"58":{"start":{"line":375,"column":12},"end":{"line":375,"column":14076}},"59":{"start":{"line":381,"column":12},"end":{"line":381,"column":45}},"60":{"start":{"line":384,"column":8},"end":{"line":384,"column":70}},"61":{"start":{"line":387,"column":8},"end":{"line":387,"column":14454}},"62":{"start":{"line":392,"column":8},"end":{"line":392,"column":14591}},"63":{"start":{"line":393,"column":12},"end":{"line":393,"column":14656}},"64":{"start":{"line":399,"column":12},"end":{"line":399,"column":47}},"65":{"start":{"line":403,"column":8},"end":{"line":403,"column":14961}},"66":{"start":{"line":404,"column":12},"end":{"line":404,"column":15035}},"67":{"start":{"line":410,"column":12},"end":{"line":410,"column":39}},"68":{"start":{"line":414,"column":8},"end":{"line":414,"column":15348}},"69":{"start":{"line":418,"column":8},"end":{"line":418,"column":15478}},"70":{"start":{"line":419,"column":12},"end":{"line":419,"column":15550}},"71":{"start":{"line":425,"column":12},"end":{"line":425,"column":40}},"72":{"start":{"line":428,"column":8},"end":{"line":428,"column":55}},"73":{"start":{"line":431,"column":8},"end":{"line":431,"column":60}},"74":{"start":{"line":432,"column":8},"end":{"line":432,"column":65}},"75":{"start":{"line":435,"column":8},"end":{"line":435,"column":77}},"76":{"start":{"line":436,"column":8},"end":{"line":436,"column":16179}},"77":{"start":{"line":443,"column":8},"end":{"line":443,"column":44}},"78":{"start":{"line":455,"column":8},"end":{"line":455,"column":73}},"79":{"start":{"line":456,"column":8},"end":{"line":456,"column":70}},"80":{"start":{"line":459,"column":8},"end":{"line":459,"column":17050}},"81":{"start":{"line":461,"column":12},"end":{"line":461,"column":17159}},"82":{"start":{"line":463,"column":16},"end":{"line":463,"column":17282}},"83":{"start":{"line":466,"column":16},"end":{"line":466,"column":17432}},"84":{"start":{"line":469,"column":16},"end":{"line":469,"column":17519}},"85":{"start":{"line":470,"column":20},"end":{"line":470,"column":17582}},"86":{"start":{"line":476,"column":16},"end":{"line":476,"column":51}},"87":{"start":{"line":481,"column":8},"end":{"line":481,"column":17932}},"88":{"start":{"line":482,"column":12},"end":{"line":482,"column":17968}},"89":{"start":{"line":485,"column":12},"end":{"line":485,"column":18088}},"90":{"start":{"line":489,"column":12},"end":{"line":489,"column":18220}},"91":{"start":{"line":495,"column":12},"end":{"line":495,"column":18436}},"92":{"start":{"line":503,"column":12},"end":{"line":503,"column":18680}},"93":{"start":{"line":504,"column":16},"end":{"line":504,"column":18740}},"94":{"start":{"line":510,"column":16},"end":{"line":510,"column":46}},"95":{"start":{"line":514,"column":8},"end":{"line":514,"column":63}},"96":{"start":{"line":517,"column":8},"end":{"line":517,"column":19153}},"97":{"start":{"line":519,"column":12},"end":{"line":519,"column":74}},"98":{"start":{"line":523,"column":12},"end":{"line":523,"column":19432}},"99":{"start":{"line":528,"column":12},"end":{"line":528,"column":46}},"100":{"start":{"line":536,"column":8},"end":{"line":536,"column":57}},"101":{"start":{"line":538,"column":8},"end":{"line":538,"column":20026}},"102":{"start":{"line":542,"column":8},"end":{"line":542,"column":45}},"103":{"start":{"line":544,"column":8},"end":{"line":544,"column":59}},"104":{"start":{"line":550,"column":8},"end":{"line":550,"column":72}},"105":{"start":{"line":552,"column":8},"end":{"line":552,"column":20543}},"106":{"start":{"line":556,"column":8},"end":{"line":556,"column":41}},"107":{"start":{"line":558,"column":8},"end":{"line":558,"column":61}},"108":{"start":{"line":564,"column":8},"end":{"line":564,"column":20936}},"109":{"start":{"line":569,"column":8},"end":{"line":569,"column":21117}},"110":{"start":{"line":573,"column":8},"end":{"line":573,"column":43}},"111":{"start":{"line":575,"column":8},"end":{"line":575,"column":65}},"112":{"start":{"line":581,"column":8},"end":{"line":581,"column":67}},"113":{"start":{"line":582,"column":8},"end":{"line":582,"column":42}},"114":{"start":{"line":584,"column":8},"end":{"line":584,"column":63}},"115":{"start":{"line":590,"column":8},"end":{"line":590,"column":64}},"116":{"start":{"line":591,"column":8},"end":{"line":591,"column":39}},"117":{"start":{"line":593,"column":8},"end":{"line":593,"column":57}},"118":{"start":{"line":599,"column":8},"end":{"line":599,"column":61}},"119":{"start":{"line":601,"column":8},"end":{"line":601,"column":22339}},"120":{"start":{"line":605,"column":8},"end":{"line":605,"column":41}},"121":{"start":{"line":607,"column":8},"end":{"line":607,"column":61}},"122":{"start":{"line":614,"column":8},"end":{"line":614,"column":77}},"123":{"start":{"line":615,"column":8},"end":{"line":615,"column":77}},"124":{"start":{"line":617,"column":8},"end":{"line":617,"column":45}},"125":{"start":{"line":619,"column":8},"end":{"line":619,"column":76}},"126":{"start":{"line":630,"column":8},"end":{"line":630,"column":52}},"127":{"start":{"line":631,"column":8},"end":{"line":631,"column":50}},"128":{"start":{"line":634,"column":8},"end":{"line":634,"column":71}},"129":{"start":{"line":635,"column":8},"end":{"line":635,"column":23714}},"130":{"start":{"line":640,"column":8},"end":{"line":640,"column":62}},"131":{"start":{"line":641,"column":8},"end":{"line":641,"column":79}},"132":{"start":{"line":644,"column":8},"end":{"line":644,"column":24115}},"133":{"start":{"line":650,"column":8},"end":{"line":650,"column":78}},"134":{"start":{"line":662,"column":8},"end":{"line":662,"column":64}},"135":{"start":{"line":662,"column":52},"end":{"line":662,"column":64}},"136":{"start":{"line":665,"column":8},"end":{"line":665,"column":64}},"137":{"start":{"line":665,"column":52},"end":{"line":665,"column":64}},"138":{"start":{"line":667,"column":8},"end":{"line":667,"column":19}},"139":{"start":{"line":675,"column":8},"end":{"line":675,"column":39}},"140":{"start":{"line":676,"column":8},"end":{"line":676,"column":35}},"141":{"start":{"line":676,"column":26},"end":{"line":676,"column":35}},"142":{"start":{"line":677,"column":8},"end":{"line":677,"column":35}},"143":{"start":{"line":677,"column":27},"end":{"line":677,"column":35}},"144":{"start":{"line":678,"column":8},"end":{"line":678,"column":35}},"145":{"start":{"line":678,"column":27},"end":{"line":678,"column":35}},"146":{"start":{"line":679,"column":8},"end":{"line":679,"column":37}},"147":{"start":{"line":679,"column":29},"end":{"line":679,"column":37}},"148":{"start":{"line":680,"column":8},"end":{"line":680,"column":17}},"149":{"start":{"line":690,"column":8},"end":{"line":690,"column":25779}},"150":{"start":{"line":713,"column":8},"end":{"line":713,"column":26470}},"151":{"start":{"line":714,"column":12},"end":{"line":714,"column":61}},"152":{"start":{"line":716,"column":12},"end":{"line":716,"column":64}},"153":{"start":{"line":732,"column":8},"end":{"line":732,"column":43}},"154":{"start":{"line":739,"column":8},"end":{"line":739,"column":27577}},"155":{"start":{"line":745,"column":8},"end":{"line":745,"column":27873}},"156":{"start":{"line":753,"column":8},"end":{"line":753,"column":28256}},"157":{"start":{"line":758,"column":8},"end":{"line":758,"column":28484}},"158":{"start":{"line":761,"column":8},"end":{"line":761,"column":28577}},"159":{"start":{"line":770,"column":8},"end":{"line":770,"column":28894}},"160":{"start":{"line":772,"column":8},"end":{"line":772,"column":64}},"161":{"start":{"line":773,"column":8},"end":{"line":773,"column":29056}},"162":{"start":{"line":777,"column":8},"end":{"line":777,"column":29248}},"163":{"start":{"line":780,"column":8},"end":{"line":780,"column":78}},"164":{"start":{"line":784,"column":8},"end":{"line":784,"column":71}},"165":{"start":{"line":791,"column":8},"end":{"line":791,"column":50}},"166":{"start":{"line":792,"column":8},"end":{"line":792,"column":29827}},"167":{"start":{"line":796,"column":8},"end":{"line":796,"column":29955}},"168":{"start":{"line":802,"column":8},"end":{"line":802,"column":72}},"169":{"start":{"line":805,"column":8},"end":{"line":805,"column":51}},"170":{"start":{"line":806,"column":8},"end":{"line":806,"column":62}},"171":{"start":{"line":807,"column":8},"end":{"line":807,"column":54}},"172":{"start":{"line":808,"column":8},"end":{"line":808,"column":59}},"173":{"start":{"line":811,"column":8},"end":{"line":811,"column":35}},"174":{"start":{"line":817,"column":8},"end":{"line":817,"column":30795}},"175":{"start":{"line":822,"column":8},"end":{"line":822,"column":72}},"176":{"start":{"line":833,"column":8},"end":{"line":833,"column":37}},"177":{"start":{"line":833,"column":29},"end":{"line":833,"column":37}},"178":{"start":{"line":834,"column":8},"end":{"line":834,"column":31434}},"179":{"start":{"line":849,"column":8},"end":{"line":849,"column":31861}},"180":{"start":{"line":850,"column":12},"end":{"line":850,"column":31935}},"181":{"start":{"line":857,"column":12},"end":{"line":857,"column":47}},"182":{"start":{"line":870,"column":8},"end":{"line":870,"column":32502}},"183":{"start":{"line":871,"column":12},"end":{"line":871,"column":32577}},"184":{"start":{"line":878,"column":12},"end":{"line":878,"column":41}},"185":{"start":{"line":889,"column":8},"end":{"line":889,"column":33093}},"186":{"start":{"line":892,"column":8},"end":{"line":892,"column":33201}},"187":{"start":{"line":897,"column":8},"end":{"line":897,"column":33325}},"188":{"start":{"line":898,"column":12},"end":{"line":898,"column":33372}},"189":{"start":{"line":902,"column":12},"end":{"line":902,"column":33517}},"190":{"start":{"line":907,"column":12},"end":{"line":907,"column":33657}},"191":{"start":{"line":912,"column":12},"end":{"line":912,"column":33874}},"192":{"start":{"line":917,"column":12},"end":{"line":917,"column":34039}},"193":{"start":{"line":934,"column":8},"end":{"line":934,"column":34570}},"194":{"start":{"line":935,"column":12},"end":{"line":935,"column":37}},"195":{"start":{"line":936,"column":12},"end":{"line":936,"column":34685}},"196":{"start":{"line":940,"column":12},"end":{"line":940,"column":34855}},"197":{"start":{"line":949,"column":12},"end":{"line":949,"column":37}},"198":{"start":{"line":950,"column":12},"end":{"line":950,"column":35164}},"199":{"start":{"line":961,"column":8},"end":{"line":961,"column":41}},"200":{"start":{"line":962,"column":8},"end":{"line":962,"column":35522}},"201":{"start":{"line":965,"column":8},"end":{"line":965,"column":62}},"202":{"start":{"line":966,"column":8},"end":{"line":966,"column":71}},"203":{"start":{"line":967,"column":8},"end":{"line":967,"column":79}},"204":{"start":{"line":971,"column":8},"end":{"line":971,"column":15}},"205":{"start":{"line":975,"column":8},"end":{"line":975,"column":17}},"206":{"start":{"line":985,"column":8},"end":{"line":985,"column":36416}},"207":{"start":{"line":986,"column":12},"end":{"line":986,"column":51}},"208":{"start":{"line":989,"column":8},"end":{"line":989,"column":46}},"209":{"start":{"line":991,"column":8},"end":{"line":991,"column":40}},"210":{"start":{"line":992,"column":8},"end":{"line":992,"column":37}},"211":{"start":{"line":995,"column":8},"end":{"line":995,"column":36714}},"212":{"start":{"line":996,"column":12},"end":{"line":996,"column":42}},"213":{"start":{"line":1000,"column":8},"end":{"line":1000,"column":36836}},"214":{"start":{"line":1001,"column":12},"end":{"line":1001,"column":36900}},"215":{"start":{"line":1015,"column":8},"end":{"line":1015,"column":37311}},"216":{"start":{"line":1016,"column":12},"end":{"line":1016,"column":59}},"217":{"start":{"line":1019,"column":8},"end":{"line":1019,"column":37415}},"218":{"start":{"line":1033,"column":8},"end":{"line":1033,"column":74}},"219":{"start":{"line":1034,"column":8},"end":{"line":1034,"column":49}},"220":{"start":{"line":1035,"column":8},"end":{"line":1035,"column":58}},"221":{"start":{"line":1042,"column":8},"end":{"line":1042,"column":38166}},"222":{"start":{"line":1045,"column":8},"end":{"line":1045,"column":37}},"223":{"start":{"line":1047,"column":8},"end":{"line":1047,"column":38316}},"224":{"start":{"line":1048,"column":12},"end":{"line":1048,"column":49}},"225":{"start":{"line":1049,"column":12},"end":{"line":1049,"column":38431}},"226":{"start":{"line":1054,"column":8},"end":{"line":1054,"column":38545}},"227":{"start":{"line":1069,"column":8},"end":{"line":1069,"column":38}},"228":{"start":{"line":1069,"column":25},"end":{"line":1069,"column":38}},"229":{"start":{"line":1074,"column":8},"end":{"line":1074,"column":39123}},"230":{"start":{"line":1075,"column":12},"end":{"line":1075,"column":64}},"231":{"start":{"line":1078,"column":8},"end":{"line":1078,"column":27}},"232":{"start":{"line":1079,"column":8},"end":{"line":1079,"column":64}},"233":{"start":{"line":1082,"column":8},"end":{"line":1082,"column":39365}},"234":{"start":{"line":1088,"column":8},"end":{"line":1088,"column":42}},"235":{"start":{"line":1090,"column":8},"end":{"line":1090,"column":68}},"236":{"start":{"line":1099,"column":8},"end":{"line":1099,"column":39852}},"237":{"start":{"line":1102,"column":8},"end":{"line":1102,"column":70}},"238":{"start":{"line":1104,"column":8},"end":{"line":1104,"column":40035}},"239":{"start":{"line":1105,"column":12},"end":{"line":1105,"column":40104}},"240":{"start":{"line":1107,"column":12},"end":{"line":1107,"column":40184}},"241":{"start":{"line":1117,"column":8},"end":{"line":1117,"column":40451}}},"branchMap":{"1":{"line":183,"type":"if","locations":[{"start":{"line":183,"column":13},"end":{"line":183,"column":13}},{"start":{"line":183,"column":13},"end":{"line":183,"column":13}}]},"2":{"line":225,"type":"if","locations":[{"start":{"line":225,"column":8},"end":{"line":225,"column":8}},{"start":{"line":225,"column":8},"end":{"line":225,"column":8}}]},"3":{"line":229,"type":"if","locations":[{"start":{"line":229,"column":8},"end":{"line":229,"column":8}},{"start":{"line":229,"column":8},"end":{"line":229,"column":8}}]},"4":{"line":230,"type":"if","locations":[{"start":{"line":230,"column":8},"end":{"line":230,"column":8}},{"start":{"line":230,"column":8},"end":{"line":230,"column":8}}]},"5":{"line":235,"type":"if","locations":[{"start":{"line":235,"column":8},"end":{"line":235,"column":8}},{"start":{"line":235,"column":8},"end":{"line":235,"column":8}}]},"6":{"line":246,"type":"if","locations":[{"start":{"line":246,"column":8},"end":{"line":246,"column":8}},{"start":{"line":246,"column":8},"end":{"line":246,"column":8}}]},"7":{"line":259,"type":"if","locations":[{"start":{"line":259,"column":8},"end":{"line":259,"column":8}},{"start":{"line":259,"column":8},"end":{"line":259,"column":8}}]},"8":{"line":262,"type":"if","locations":[{"start":{"line":262,"column":8},"end":{"line":262,"column":8}},{"start":{"line":262,"column":8},"end":{"line":262,"column":8}}]},"9":{"line":263,"type":"if","locations":[{"start":{"line":263,"column":8},"end":{"line":263,"column":8}},{"start":{"line":263,"column":8},"end":{"line":263,"column":8}}]},"10":{"line":267,"type":"if","locations":[{"start":{"line":267,"column":8},"end":{"line":267,"column":8}},{"start":{"line":267,"column":8},"end":{"line":267,"column":8}}]},"11":{"line":274,"type":"if","locations":[{"start":{"line":274,"column":8},"end":{"line":274,"column":8}},{"start":{"line":274,"column":8},"end":{"line":274,"column":8}}]},"12":{"line":286,"type":"if","locations":[{"start":{"line":286,"column":8},"end":{"line":286,"column":8}},{"start":{"line":286,"column":8},"end":{"line":286,"column":8}}]},"13":{"line":289,"type":"if","locations":[{"start":{"line":289,"column":14},"end":{"line":289,"column":52}},{"start":{"line":290,"column":14},"end":{"line":290,"column":14}}]},"14":{"line":292,"type":"if","locations":[{"start":{"line":292,"column":14},"end":{"line":292,"column":50}},{"start":{"line":293,"column":14},"end":{"line":293,"column":14}}]},"15":{"line":297,"type":"if","locations":[{"start":{"line":297,"column":18},"end":{"line":297,"column":35}},{"start":{"line":298,"column":18},"end":{"line":298,"column":36}}]},"16":{"line":305,"type":"if","locations":[{"start":{"line":305,"column":18},"end":{"line":305,"column":18}},{"start":{"line":306,"column":18},"end":{"line":306,"column":64}}]},"17":{"line":310,"type":"if","locations":[{"start":{"line":310,"column":8},"end":{"line":310,"column":8}},{"start":{"line":310,"column":8},"end":{"line":310,"column":8}}]},"18":{"line":315,"type":"if","locations":[{"start":{"line":315,"column":8},"end":{"line":315,"column":8}},{"start":{"line":315,"column":8},"end":{"line":315,"column":8}}]},"19":{"line":328,"type":"if","locations":[{"start":{"line":328,"column":22},"end":{"line":328,"column":22}},{"start":{"line":328,"column":22},"end":{"line":328,"column":22}}]},"20":{"line":329,"type":"if","locations":[{"start":{"line":329,"column":8},"end":{"line":329,"column":8}},{"start":{"line":329,"column":8},"end":{"line":329,"column":8}}]},"21":{"line":330,"type":"if","locations":[{"start":{"line":330,"column":8},"end":{"line":330,"column":8}},{"start":{"line":330,"column":8},"end":{"line":330,"column":8}}]},"22":{"line":349,"type":"if","locations":[{"start":{"line":349,"column":22},"end":{"line":349,"column":22}},{"start":{"line":349,"column":22},"end":{"line":349,"column":22}}]},"23":{"line":351,"type":"if","locations":[{"start":{"line":351,"column":8},"end":{"line":351,"column":8}},{"start":{"line":351,"column":8},"end":{"line":351,"column":8}}]},"24":{"line":355,"type":"if","locations":[{"start":{"line":355,"column":8},"end":{"line":355,"column":8}},{"start":{"line":355,"column":8},"end":{"line":355,"column":8}}]},"25":{"line":360,"type":"if","locations":[{"start":{"line":360,"column":8},"end":{"line":360,"column":8}},{"start":{"line":360,"column":8},"end":{"line":360,"column":8}}]},"26":{"line":372,"type":"if","locations":[{"start":{"line":372,"column":24},"end":{"line":372,"column":24}},{"start":{"line":372,"column":24},"end":{"line":372,"column":24}}]},"27":{"line":372,"type":"if","locations":[{"start":{"line":372,"column":37},"end":{"line":372,"column":37}},{"start":{"line":372,"column":37},"end":{"line":372,"column":37}}]},"28":{"line":374,"type":"if","locations":[{"start":{"line":374,"column":8},"end":{"line":374,"column":8}},{"start":{"line":374,"column":8},"end":{"line":374,"column":8}}]},"29":{"line":384,"type":"if","locations":[{"start":{"line":384,"column":8},"end":{"line":384,"column":8}},{"start":{"line":384,"column":8},"end":{"line":384,"column":8}}]},"30":{"line":387,"type":"if","locations":[{"start":{"line":387,"column":8},"end":{"line":387,"column":8}},{"start":{"line":387,"column":8},"end":{"line":387,"column":8}}]},"31":{"line":392,"type":"if","locations":[{"start":{"line":392,"column":8},"end":{"line":392,"column":8}},{"start":{"line":392,"column":8},"end":{"line":392,"column":8}}]},"32":{"line":403,"type":"if","locations":[{"start":{"line":403,"column":8},"end":{"line":403,"column":8}},{"start":{"line":403,"column":8},"end":{"line":403,"column":8}}]},"33":{"line":414,"type":"if","locations":[{"start":{"line":414,"column":8},"end":{"line":414,"column":8}},{"start":{"line":414,"column":8},"end":{"line":414,"column":8}}]},"34":{"line":418,"type":"if","locations":[{"start":{"line":418,"column":8},"end":{"line":418,"column":8}},{"start":{"line":418,"column":8},"end":{"line":418,"column":8}}]},"35":{"line":435,"type":"if","locations":[{"start":{"line":435,"column":8},"end":{"line":435,"column":8}},{"start":{"line":435,"column":8},"end":{"line":435,"column":8}}]},"36":{"line":436,"type":"if","locations":[{"start":{"line":436,"column":8},"end":{"line":436,"column":8}},{"start":{"line":436,"column":8},"end":{"line":436,"column":8}}]},"37":{"line":453,"type":"if","locations":[{"start":{"line":453,"column":24},"end":{"line":453,"column":24}},{"start":{"line":453,"column":24},"end":{"line":453,"column":24}}]},"38":{"line":453,"type":"if","locations":[{"start":{"line":453,"column":37},"end":{"line":453,"column":37}},{"start":{"line":453,"column":37},"end":{"line":453,"column":37}}]},"39":{"line":455,"type":"if","locations":[{"start":{"line":455,"column":8},"end":{"line":455,"column":8}},{"start":{"line":455,"column":8},"end":{"line":455,"column":8}}]},"40":{"line":456,"type":"if","locations":[{"start":{"line":456,"column":8},"end":{"line":456,"column":8}},{"start":{"line":456,"column":8},"end":{"line":456,"column":8}}]},"41":{"line":459,"type":"if","locations":[{"start":{"line":459,"column":8},"end":{"line":459,"column":8}},{"start":{"line":459,"column":8},"end":{"line":459,"column":8}}]},"42":{"line":461,"type":"if","locations":[{"start":{"line":461,"column":12},"end":{"line":461,"column":12}},{"start":{"line":461,"column":12},"end":{"line":461,"column":12}}]},"43":{"line":469,"type":"if","locations":[{"start":{"line":469,"column":16},"end":{"line":469,"column":16}},{"start":{"line":469,"column":16},"end":{"line":469,"column":16}}]},"44":{"line":481,"type":"if","locations":[{"start":{"line":481,"column":8},"end":{"line":481,"column":8}},{"start":{"line":481,"column":8},"end":{"line":481,"column":8}}]},"45":{"line":485,"type":"if","locations":[{"start":{"line":485,"column":12},"end":{"line":485,"column":12}},{"start":{"line":485,"column":12},"end":{"line":485,"column":12}}]},"46":{"line":489,"type":"if","locations":[{"start":{"line":489,"column":12},"end":{"line":489,"column":12}},{"start":{"line":489,"column":12},"end":{"line":489,"column":12}}]},"47":{"line":496,"type":"if","locations":[{"start":{"line":496,"column":18},"end":{"line":500,"column":16}},{"start":{"line":501,"column":18},"end":{"line":501,"column":22}}]},"48":{"line":503,"type":"if","locations":[{"start":{"line":503,"column":12},"end":{"line":503,"column":12}},{"start":{"line":503,"column":12},"end":{"line":503,"column":12}}]},"49":{"line":517,"type":"if","locations":[{"start":{"line":517,"column":8},"end":{"line":517,"column":8}},{"start":{"line":517,"column":8},"end":{"line":517,"column":8}}]},"50":{"line":519,"type":"if","locations":[{"start":{"line":519,"column":12},"end":{"line":519,"column":12}},{"start":{"line":519,"column":12},"end":{"line":519,"column":12}}]},"51":{"line":523,"type":"if","locations":[{"start":{"line":523,"column":12},"end":{"line":523,"column":12}},{"start":{"line":523,"column":12},"end":{"line":523,"column":12}}]},"52":{"line":535,"type":"if","locations":[{"start":{"line":535,"column":15},"end":{"line":535,"column":15}},{"start":{"line":535,"column":15},"end":{"line":535,"column":15}}]},"53":{"line":536,"type":"if","locations":[{"start":{"line":536,"column":8},"end":{"line":536,"column":8}},{"start":{"line":536,"column":8},"end":{"line":536,"column":8}}]},"54":{"line":538,"type":"if","locations":[{"start":{"line":538,"column":8},"end":{"line":538,"column":8}},{"start":{"line":538,"column":8},"end":{"line":538,"column":8}}]},"55":{"line":549,"type":"if","locations":[{"start":{"line":549,"column":15},"end":{"line":549,"column":15}},{"start":{"line":549,"column":15},"end":{"line":549,"column":15}}]},"56":{"line":550,"type":"if","locations":[{"start":{"line":550,"column":8},"end":{"line":550,"column":8}},{"start":{"line":550,"column":8},"end":{"line":550,"column":8}}]},"57":{"line":552,"type":"if","locations":[{"start":{"line":552,"column":8},"end":{"line":552,"column":8}},{"start":{"line":552,"column":8},"end":{"line":552,"column":8}}]},"58":{"line":563,"type":"if","locations":[{"start":{"line":563,"column":15},"end":{"line":563,"column":15}},{"start":{"line":563,"column":15},"end":{"line":563,"column":15}}]},"59":{"line":564,"type":"if","locations":[{"start":{"line":564,"column":8},"end":{"line":564,"column":8}},{"start":{"line":564,"column":8},"end":{"line":564,"column":8}}]},"60":{"line":569,"type":"if","locations":[{"start":{"line":569,"column":8},"end":{"line":569,"column":8}},{"start":{"line":569,"column":8},"end":{"line":569,"column":8}}]},"61":{"line":580,"type":"if","locations":[{"start":{"line":580,"column":15},"end":{"line":580,"column":15}},{"start":{"line":580,"column":15},"end":{"line":580,"column":15}}]},"62":{"line":581,"type":"if","locations":[{"start":{"line":581,"column":8},"end":{"line":581,"column":8}},{"start":{"line":581,"column":8},"end":{"line":581,"column":8}}]},"63":{"line":589,"type":"if","locations":[{"start":{"line":589,"column":15},"end":{"line":589,"column":15}},{"start":{"line":589,"column":15},"end":{"line":589,"column":15}}]},"64":{"line":590,"type":"if","locations":[{"start":{"line":590,"column":8},"end":{"line":590,"column":8}},{"start":{"line":590,"column":8},"end":{"line":590,"column":8}}]},"65":{"line":598,"type":"if","locations":[{"start":{"line":598,"column":15},"end":{"line":598,"column":15}},{"start":{"line":598,"column":15},"end":{"line":598,"column":15}}]},"66":{"line":599,"type":"if","locations":[{"start":{"line":599,"column":8},"end":{"line":599,"column":8}},{"start":{"line":599,"column":8},"end":{"line":599,"column":8}}]},"67":{"line":601,"type":"if","locations":[{"start":{"line":601,"column":8},"end":{"line":601,"column":8}},{"start":{"line":601,"column":8},"end":{"line":601,"column":8}}]},"68":{"line":613,"type":"if","locations":[{"start":{"line":613,"column":15},"end":{"line":613,"column":15}},{"start":{"line":613,"column":15},"end":{"line":613,"column":15}}]},"69":{"line":614,"type":"if","locations":[{"start":{"line":614,"column":8},"end":{"line":614,"column":8}},{"start":{"line":614,"column":8},"end":{"line":614,"column":8}}]},"70":{"line":615,"type":"if","locations":[{"start":{"line":615,"column":8},"end":{"line":615,"column":8}},{"start":{"line":615,"column":8},"end":{"line":615,"column":8}}]},"71":{"line":662,"type":"if","locations":[{"start":{"line":662,"column":8},"end":{"line":662,"column":8}},{"start":{"line":662,"column":8},"end":{"line":662,"column":8}}]},"72":{"line":665,"type":"if","locations":[{"start":{"line":665,"column":8},"end":{"line":665,"column":8}},{"start":{"line":665,"column":8},"end":{"line":665,"column":8}}]},"73":{"line":676,"type":"if","locations":[{"start":{"line":676,"column":8},"end":{"line":676,"column":8}},{"start":{"line":676,"column":8},"end":{"line":676,"column":8}}]},"74":{"line":677,"type":"if","locations":[{"start":{"line":677,"column":8},"end":{"line":677,"column":8}},{"start":{"line":677,"column":8},"end":{"line":677,"column":8}}]},"75":{"line":678,"type":"if","locations":[{"start":{"line":678,"column":8},"end":{"line":678,"column":8}},{"start":{"line":678,"column":8},"end":{"line":678,"column":8}}]},"76":{"line":679,"type":"if","locations":[{"start":{"line":679,"column":8},"end":{"line":679,"column":8}},{"start":{"line":679,"column":8},"end":{"line":679,"column":8}}]},"77":{"line":713,"type":"if","locations":[{"start":{"line":713,"column":8},"end":{"line":713,"column":8}},{"start":{"line":713,"column":8},"end":{"line":713,"column":8}}]},"78":{"line":728,"type":"if","locations":[{"start":{"line":728,"column":15},"end":{"line":728,"column":15}},{"start":{"line":728,"column":15},"end":{"line":728,"column":15}}]},"79":{"line":780,"type":"if","locations":[{"start":{"line":780,"column":53},"end":{"line":780,"column":63}},{"start":{"line":780,"column":67},"end":{"line":780,"column":77}}]},"80":{"line":781,"type":"if","locations":[{"start":{"line":781,"column":47},"end":{"line":781,"column":52}},{"start":{"line":781,"column":56},"end":{"line":781,"column":73}}]},"81":{"line":782,"type":"if","locations":[{"start":{"line":782,"column":42},"end":{"line":782,"column":47}},{"start":{"line":782,"column":51},"end":{"line":782,"column":63}}]},"82":{"line":784,"type":"if","locations":[{"start":{"line":784,"column":43},"end":{"line":784,"column":43}},{"start":{"line":784,"column":47},"end":{"line":784,"column":70}}]},"83":{"line":790,"type":"if","locations":[{"start":{"line":790,"column":15},"end":{"line":790,"column":15}},{"start":{"line":790,"column":15},"end":{"line":790,"column":15}}]},"84":{"line":790,"type":"if","locations":[{"start":{"line":790,"column":37},"end":{"line":790,"column":37}},{"start":{"line":790,"column":37},"end":{"line":790,"column":37}}]},"85":{"line":791,"type":"if","locations":[{"start":{"line":791,"column":8},"end":{"line":791,"column":8}},{"start":{"line":791,"column":8},"end":{"line":791,"column":8}}]},"86":{"line":792,"type":"if","locations":[{"start":{"line":792,"column":8},"end":{"line":792,"column":8}},{"start":{"line":792,"column":8},"end":{"line":792,"column":8}}]},"87":{"line":796,"type":"if","locations":[{"start":{"line":796,"column":8},"end":{"line":796,"column":8}},{"start":{"line":796,"column":8},"end":{"line":796,"column":8}}]},"88":{"line":817,"type":"if","locations":[{"start":{"line":817,"column":8},"end":{"line":817,"column":8}},{"start":{"line":817,"column":8},"end":{"line":817,"column":8}}]},"89":{"line":833,"type":"if","locations":[{"start":{"line":833,"column":8},"end":{"line":833,"column":8}},{"start":{"line":833,"column":8},"end":{"line":833,"column":8}}]},"90":{"line":836,"type":"if","locations":[{"start":{"line":836,"column":18},"end":{"line":836,"column":61}},{"start":{"line":837,"column":18},"end":{"line":837,"column":61}}]},"91":{"line":849,"type":"if","locations":[{"start":{"line":849,"column":8},"end":{"line":849,"column":8}},{"start":{"line":849,"column":8},"end":{"line":849,"column":8}}]},"92":{"line":849,"type":"cond-expr","locations":[{"start":{"line":849,"column":12},"end":{"line":849,"column":33}},{"start":{"line":849,"column":38},"end":{"line":849,"column":59}}]},"93":{"line":870,"type":"if","locations":[{"start":{"line":870,"column":8},"end":{"line":870,"column":8}},{"start":{"line":870,"column":8},"end":{"line":870,"column":8}}]},"94":{"line":892,"type":"if","locations":[{"start":{"line":892,"column":8},"end":{"line":892,"column":8}},{"start":{"line":892,"column":8},"end":{"line":892,"column":8}}]},"95":{"line":897,"type":"if","locations":[{"start":{"line":897,"column":8},"end":{"line":897,"column":8}},{"start":{"line":897,"column":8},"end":{"line":897,"column":8}}]},"96":{"line":898,"type":"if","locations":[{"start":{"line":898,"column":12},"end":{"line":898,"column":12}},{"start":{"line":898,"column":12},"end":{"line":898,"column":12}}]},"97":{"line":902,"type":"if","locations":[{"start":{"line":902,"column":12},"end":{"line":902,"column":12}},{"start":{"line":902,"column":12},"end":{"line":902,"column":12}}]},"98":{"line":914,"type":"if","locations":[{"start":{"line":914,"column":18},"end":{"line":914,"column":34}},{"start":{"line":915,"column":18},"end":{"line":915,"column":50}}]},"99":{"line":917,"type":"if","locations":[{"start":{"line":917,"column":12},"end":{"line":917,"column":12}},{"start":{"line":917,"column":12},"end":{"line":917,"column":12}}]},"100":{"line":934,"type":"if","locations":[{"start":{"line":934,"column":8},"end":{"line":934,"column":8}},{"start":{"line":934,"column":8},"end":{"line":934,"column":8}}]},"101":{"line":936,"type":"if","locations":[{"start":{"line":936,"column":12},"end":{"line":936,"column":12}},{"start":{"line":936,"column":12},"end":{"line":936,"column":12}}]},"102":{"line":940,"type":"if","locations":[{"start":{"line":940,"column":12},"end":{"line":940,"column":12}},{"start":{"line":940,"column":12},"end":{"line":940,"column":12}}]},"103":{"line":950,"type":"if","locations":[{"start":{"line":950,"column":12},"end":{"line":950,"column":12}},{"start":{"line":950,"column":12},"end":{"line":950,"column":12}}]},"104":{"line":960,"type":"if","locations":[{"start":{"line":960,"column":15},"end":{"line":960,"column":15}},{"start":{"line":960,"column":15},"end":{"line":960,"column":15}}]},"105":{"line":960,"type":"if","locations":[{"start":{"line":960,"column":39},"end":{"line":960,"column":39}},{"start":{"line":960,"column":39},"end":{"line":960,"column":39}}]},"106":{"line":961,"type":"if","locations":[{"start":{"line":961,"column":8},"end":{"line":961,"column":8}},{"start":{"line":961,"column":8},"end":{"line":961,"column":8}}]},"107":{"line":965,"type":"if","locations":[{"start":{"line":965,"column":8},"end":{"line":965,"column":8}},{"start":{"line":965,"column":8},"end":{"line":965,"column":8}}]},"108":{"line":970,"type":"if","locations":[{"start":{"line":970,"column":30},"end":{"line":970,"column":30}},{"start":{"line":970,"column":30},"end":{"line":970,"column":30}}]},"109":{"line":974,"type":"if","locations":[{"start":{"line":974,"column":32},"end":{"line":974,"column":32}},{"start":{"line":974,"column":32},"end":{"line":974,"column":32}}]},"110":{"line":983,"type":"if","locations":[{"start":{"line":983,"column":15},"end":{"line":983,"column":15}},{"start":{"line":983,"column":15},"end":{"line":983,"column":15}}]},"111":{"line":983,"type":"if","locations":[{"start":{"line":983,"column":36},"end":{"line":983,"column":36}},{"start":{"line":983,"column":36},"end":{"line":983,"column":36}}]},"112":{"line":985,"type":"if","locations":[{"start":{"line":985,"column":8},"end":{"line":985,"column":8}},{"start":{"line":985,"column":8},"end":{"line":985,"column":8}}]},"113":{"line":986,"type":"if","locations":[{"start":{"line":986,"column":12},"end":{"line":986,"column":12}},{"start":{"line":986,"column":12},"end":{"line":986,"column":12}}]},"114":{"line":995,"type":"if","locations":[{"start":{"line":995,"column":8},"end":{"line":995,"column":8}},{"start":{"line":995,"column":8},"end":{"line":995,"column":8}}]},"115":{"line":1015,"type":"if","locations":[{"start":{"line":1015,"column":8},"end":{"line":1015,"column":8}},{"start":{"line":1015,"column":8},"end":{"line":1015,"column":8}}]},"116":{"line":1033,"type":"if","locations":[{"start":{"line":1033,"column":8},"end":{"line":1033,"column":8}},{"start":{"line":1033,"column":8},"end":{"line":1033,"column":8}}]},"117":{"line":1034,"type":"if","locations":[{"start":{"line":1034,"column":8},"end":{"line":1034,"column":8}},{"start":{"line":1034,"column":8},"end":{"line":1034,"column":8}}]},"118":{"line":1035,"type":"if","locations":[{"start":{"line":1035,"column":8},"end":{"line":1035,"column":8}},{"start":{"line":1035,"column":8},"end":{"line":1035,"column":8}}]},"119":{"line":1049,"type":"if","locations":[{"start":{"line":1049,"column":12},"end":{"line":1049,"column":12}},{"start":{"line":1049,"column":12},"end":{"line":1049,"column":12}}]},"120":{"line":1054,"type":"if","locations":[{"start":{"line":1054,"column":8},"end":{"line":1054,"column":8}},{"start":{"line":1054,"column":8},"end":{"line":1054,"column":8}}]},"121":{"line":1069,"type":"if","locations":[{"start":{"line":1069,"column":8},"end":{"line":1069,"column":8}},{"start":{"line":1069,"column":8},"end":{"line":1069,"column":8}}]},"122":{"line":1074,"type":"if","locations":[{"start":{"line":1074,"column":8},"end":{"line":1074,"column":8}},{"start":{"line":1074,"column":8},"end":{"line":1074,"column":8}}]},"123":{"line":1075,"type":"if","locations":[{"start":{"line":1075,"column":12},"end":{"line":1075,"column":12}},{"start":{"line":1075,"column":12},"end":{"line":1075,"column":12}}]},"124":{"line":1082,"type":"if","locations":[{"start":{"line":1082,"column":8},"end":{"line":1082,"column":8}},{"start":{"line":1082,"column":8},"end":{"line":1082,"column":8}}]},"125":{"line":1104,"type":"if","locations":[{"start":{"line":1104,"column":8},"end":{"line":1104,"column":8}},{"start":{"line":1104,"column":8},"end":{"line":1104,"column":8}}]},"126":{"line":1107,"type":"if","locations":[{"start":{"line":1107,"column":12},"end":{"line":1107,"column":12}},{"start":{"line":1107,"column":12},"end":{"line":1107,"column":12}}]},"127":{"line":1116,"type":"if","locations":[{"start":{"line":1116,"column":24},"end":{"line":1116,"column":24}},{"start":{"line":1116,"column":24},"end":{"line":1116,"column":24}}]}}},"src\\contracts\\MaliciousContracts.sol":{"l":{"18":50,"19":50,"25":0,"26":0,"28":0,"36":2,"37":2,"40":2,"41":2,"44":2,"48":1,"49":1,"52":1,"65":20,"70":0,"71":0,"76":0,"81":0,"82":0,"83":0,"96":50,"97":50,"103":2,"105":2,"108":2,"111":0,"114":0,"116":0,"118":0},"path":"C:\\Users\\JannoJaerv\\repos\\1stdigital\\sFDUSD-contracts\\src\\contracts\\MaliciousContracts.sol","s":{"1":0,"2":0,"3":2,"4":2,"5":2,"6":1,"7":0,"8":0,"9":0,"10":0,"11":2,"12":2,"13":2,"14":0,"15":0,"16":0,"17":0},"b":{"1":[0,0],"2":[0,2],"3":[0,0],"4":[0,2],"5":[0,0]},"f":{"1":50,"2":0,"3":2,"4":1,"5":20,"6":0,"7":0,"8":0,"9":50,"10":2},"fnMap":{"1":{"name":"constructor","line":17,"loc":{"start":{"line":17,"column":4},"end":{"line":20,"column":4}}},"2":{"name":null,"line":24,"loc":{"start":{"line":24,"column":4},"end":{"line":33,"column":4}}},"3":{"name":"startAttack","line":35,"loc":{"start":{"line":35,"column":4},"end":{"line":45,"column":4}}},"4":{"name":"attemptWithdraw","line":47,"loc":{"start":{"line":47,"column":4},"end":{"line":53,"column":4}}},"5":{"name":"constructor","line":64,"loc":{"start":{"line":64,"column":4},"end":{"line":66,"column":4}}},"6":{"name":"drain","line":69,"loc":{"start":{"line":69,"column":4},"end":{"line":72,"column":4}}},"7":{"name":"balanceOf","line":75,"loc":{"start":{"line":75,"column":4},"end":{"line":77,"column":4}}},"8":{"name":"transfer","line":79,"loc":{"start":{"line":79,"column":4},"end":{"line":84,"column":4}}},"9":{"name":"constructor","line":95,"loc":{"start":{"line":95,"column":4},"end":{"line":98,"column":4}}},"10":{"name":"executeFlashLoanAttack","line":100,"loc":{"start":{"line":100,"column":4},"end":{"line":124,"column":4}}}},"statementMap":{"1":{"start":{"line":25,"column":8},"end":{"line":25,"column":749}},"2":{"start":{"line":28,"column":12},"end":{"line":28,"column":881}},"3":{"start":{"line":40,"column":8},"end":{"line":40,"column":46}},"4":{"start":{"line":41,"column":8},"end":{"line":41,"column":1253}},"5":{"start":{"line":44,"column":8},"end":{"line":44,"column":41}},"6":{"start":{"line":49,"column":8},"end":{"line":49,"column":1517}},"7":{"start":{"line":70,"column":8},"end":{"line":70,"column":48}},"8":{"start":{"line":71,"column":8},"end":{"line":71,"column":53}},"9":{"start":{"line":76,"column":8},"end":{"line":76,"column":32}},"10":{"start":{"line":83,"column":8},"end":{"line":83,"column":19}},"11":{"start":{"line":103,"column":8},"end":{"line":103,"column":35}},"12":{"start":{"line":105,"column":8},"end":{"line":105,"column":3009}},"13":{"start":{"line":108,"column":8},"end":{"line":108,"column":42}},"14":{"start":{"line":111,"column":8},"end":{"line":111,"column":3248}},"15":{"start":{"line":114,"column":8},"end":{"line":114,"column":48}},"16":{"start":{"line":116,"column":8},"end":{"line":116,"column":52}},"17":{"start":{"line":118,"column":8},"end":{"line":118,"column":3503}}},"branchMap":{"1":{"line":25,"type":"if","locations":[{"start":{"line":25,"column":8},"end":{"line":25,"column":8}},{"start":{"line":25,"column":8},"end":{"line":25,"column":8}}]},"2":{"line":44,"type":"if","locations":[{"start":{"line":44,"column":8},"end":{"line":44,"column":8}},{"start":{"line":44,"column":8},"end":{"line":44,"column":8}}]},"3":{"line":70,"type":"if","locations":[{"start":{"line":70,"column":8},"end":{"line":70,"column":8}},{"start":{"line":70,"column":8},"end":{"line":70,"column":8}}]},"4":{"line":108,"type":"if","locations":[{"start":{"line":108,"column":8},"end":{"line":108,"column":8}},{"start":{"line":108,"column":8},"end":{"line":108,"column":8}}]},"5":{"line":114,"type":"if","locations":[{"start":{"line":114,"column":8},"end":{"line":114,"column":8}},{"start":{"line":114,"column":8},"end":{"line":114,"column":8}}]}}},"src\\contracts\\TestContracts.sol":{"l":{"19":46,"23":0,"27":0,"31":0,"45":2,"46":2,"54":1},"path":"C:\\Users\\JannoJaerv\\repos\\1stdigital\\sFDUSD-contracts\\src\\contracts\\TestContracts.sol","s":{"1":0,"2":0,"3":0,"4":2,"5":2,"6":1},"b":{},"f":{"1":46,"2":0,"3":0,"4":0,"5":2,"6":1},"fnMap":{"1":{"name":"constructor","line":18,"loc":{"start":{"line":14,"column":4},"end":{"line":20,"column":4}}},"2":{"name":"decimals","line":22,"loc":{"start":{"line":22,"column":4},"end":{"line":24,"column":4}}},"3":{"name":"mint","line":26,"loc":{"start":{"line":26,"column":4},"end":{"line":28,"column":4}}},"4":{"name":"burn","line":30,"loc":{"start":{"line":30,"column":4},"end":{"line":32,"column":4}}},"5":{"name":"depositToVault","line":40,"loc":{"start":{"line":40,"column":4},"end":{"line":47,"column":4}}},"6":{"name":"withdrawFromVault","line":49,"loc":{"start":{"line":49,"column":4},"end":{"line":55,"column":4}}}},"statementMap":{"1":{"start":{"line":23,"column":8},"end":{"line":23,"column":24}},"2":{"start":{"line":27,"column":8},"end":{"line":27,"column":24}},"3":{"start":{"line":31,"column":8},"end":{"line":31,"column":26}},"4":{"start":{"line":45,"column":8},"end":{"line":45,"column":43}},"5":{"start":{"line":46,"column":8},"end":{"line":46,"column":51}},"6":{"start":{"line":54,"column":8},"end":{"line":54,"column":62}}},"branchMap":{}}}