{"src\\contracts\\BaseToken.sol":{"l":{"27":1,"41":81,"42":81,"43":81,"44":81,"46":81,"47":81,"48":81,"49":81,"52":81,"61":308,"69":0,"76":0,"83":0,"94":504},"path":"C:\\Users\\JannoJaerv\\repos\\1stdigital\\sFDUSD-contracts\\src\\contracts\\BaseToken.sol","s":{"1":1,"2":81,"3":81,"4":81,"5":81,"6":81,"7":81,"8":81,"9":81,"10":81,"11":308,"12":0,"13":0,"14":0,"15":504},"b":{"1":[81,0],"2":[308,0],"3":[308,0],"4":[0,0],"5":[0,0],"6":[0,0],"7":[504,0],"8":[0,0]},"f":{"1":1,"2":81,"3":308,"4":0,"5":0,"6":0,"7":504,"8":0},"fnMap":{"1":{"name":"constructor","line":26,"loc":{"start":{"line":26,"column":4},"end":{"line":28,"column":4}}},"2":{"name":"initialize","line":40,"loc":{"start":{"line":36,"column":4},"end":{"line":53,"column":4}}},"3":{"name":"mint","line":60,"loc":{"start":{"line":60,"column":4},"end":{"line":62,"column":4}}},"4":{"name":"burn","line":68,"loc":{"start":{"line":68,"column":4},"end":{"line":70,"column":4}}},"5":{"name":"pause","line":75,"loc":{"start":{"line":75,"column":4},"end":{"line":77,"column":4}}},"6":{"name":"unpause","line":82,"loc":{"start":{"line":82,"column":4},"end":{"line":84,"column":4}}},"7":{"name":"_beforeTokenTransfer","line":93,"loc":{"start":{"line":89,"column":4},"end":{"line":95,"column":4}}},"8":{"name":"_authorizeUpgrade","line":103,"loc":{"start":{"line":100,"column":4},"end":{"line":104,"column":5}}}},"statementMap":{"1":{"start":{"line":27,"column":8},"end":{"line":27,"column":29}},"2":{"start":{"line":41,"column":8},"end":{"line":41,"column":35}},"3":{"start":{"line":42,"column":8},"end":{"line":42,"column":29}},"4":{"start":{"line":43,"column":8},"end":{"line":43,"column":31}},"5":{"start":{"line":44,"column":8},"end":{"line":44,"column":24}},"6":{"start":{"line":46,"column":8},"end":{"line":46,"column":51}},"7":{"start":{"line":47,"column":8},"end":{"line":47,"column":44}},"8":{"start":{"line":48,"column":8},"end":{"line":48,"column":46}},"9":{"start":{"line":49,"column":8},"end":{"line":49,"column":44}},"10":{"start":{"line":52,"column":8},"end":{"line":52,"column":48}},"11":{"start":{"line":61,"column":8},"end":{"line":61,"column":24}},"12":{"start":{"line":69,"column":8},"end":{"line":69,"column":32}},"13":{"start":{"line":76,"column":8},"end":{"line":76,"column":15}},"14":{"start":{"line":83,"column":8},"end":{"line":83,"column":17}},"15":{"start":{"line":94,"column":8},"end":{"line":94,"column":51}}},"branchMap":{"1":{"line":40,"type":"if","locations":[{"start":{"line":40,"column":13},"end":{"line":40,"column":13}},{"start":{"line":40,"column":13},"end":{"line":40,"column":13}}]},"2":{"line":60,"type":"if","locations":[{"start":{"line":60,"column":55},"end":{"line":60,"column":55}},{"start":{"line":60,"column":55},"end":{"line":60,"column":55}}]},"3":{"line":60,"type":"if","locations":[{"start":{"line":60,"column":77},"end":{"line":60,"column":77}},{"start":{"line":60,"column":77},"end":{"line":60,"column":77}}]},"4":{"line":68,"type":"if","locations":[{"start":{"line":68,"column":43},"end":{"line":68,"column":43}},{"start":{"line":68,"column":43},"end":{"line":68,"column":43}}]},"5":{"line":75,"type":"if","locations":[{"start":{"line":75,"column":30},"end":{"line":75,"column":30}},{"start":{"line":75,"column":30},"end":{"line":75,"column":30}}]},"6":{"line":82,"type":"if","locations":[{"start":{"line":82,"column":32},"end":{"line":82,"column":32}},{"start":{"line":82,"column":32},"end":{"line":82,"column":32}}]},"7":{"line":93,"type":"if","locations":[{"start":{"line":93,"column":24},"end":{"line":93,"column":24}},{"start":{"line":93,"column":24},"end":{"line":93,"column":24}}]},"8":{"line":103,"type":"if","locations":[{"start":{"line":103,"column":8},"end":{"line":103,"column":8}},{"start":{"line":103,"column":8},"end":{"line":103,"column":8}}]}}},"src\\contracts\\ERC4626YieldVault.sol":{"l":{"89":1,"99":81,"100":81,"101":81,"102":81,"103":81,"104":81,"106":81,"107":81,"110":81,"111":81,"112":81,"113":81,"116":81,"117":81,"118":81,"120":81,"121":81,"122":81,"123":81,"124":81,"125":81,"130":133,"138":1,"145":0,"152":90,"154":88,"157":88,"161":88,"168":1,"169":1,"176":29,"177":21,"181":4,"182":4,"193":84,"198":84,"203":84,"206":84,"207":84,"208":84,"220":23,"226":23,"232":23,"238":23,"239":23,"242":23,"244":23,"247":23,"248":23,"249":22,"251":1,"253":23,"260":2,"261":2,"262":2,"263":2,"269":0,"270":0,"271":0,"272":0,"278":0,"282":0,"283":0,"284":0,"290":0,"291":0,"292":0,"293":0,"299":0,"300":0,"301":0,"302":0,"308":0,"309":0,"310":0,"311":0,"321":0,"322":0,"323":0,"324":0,"330":0,"331":0,"332":0,"333":0,"343":2,"344":0,"346":2,"356":1,"357":0,"359":1,"364":33,"372":0,"373":0,"374":0,"376":0,"377":0,"378":0,"386":20,"387":20,"393":20,"394":20,"398":19,"401":17,"403":16,"408":17,"409":17,"410":15,"412":15,"419":16,"420":16,"421":16,"422":16,"423":16,"430":5,"431":5,"432":5,"433":4,"434":4,"439":3,"443":2,"452":0,"453":0,"454":0,"455":0,"457":0,"458":0,"461":0,"462":0,"463":0,"464":0,"466":0,"472":0,"473":0,"474":0,"475":0,"477":0,"478":0,"480":0,"483":0,"484":0,"487":0,"488":0,"490":0,"493":0,"495":0,"496":0,"498":0,"502":0,"505":0,"506":0,"507":0,"509":0,"515":0,"528":4,"529":4,"530":4,"532":4,"533":4,"535":4,"536":4,"537":4,"538":4,"540":4,"542":4,"544":4,"545":4,"547":4,"548":4,"550":4,"551":4,"553":4,"556":4,"557":4},"path":"C:\\Users\\JannoJaerv\\repos\\1stdigital\\sFDUSD-contracts\\src\\contracts\\ERC4626YieldVault.sol","s":{"1":1,"2":81,"3":81,"4":81,"5":81,"6":81,"7":81,"8":81,"9":81,"10":81,"11":81,"12":81,"13":81,"14":133,"15":1,"16":0,"17":90,"18":2,"19":88,"20":88,"21":88,"22":1,"23":1,"24":29,"25":8,"26":21,"27":4,"28":0,"29":4,"30":84,"31":84,"32":84,"33":23,"34":23,"35":23,"36":23,"37":23,"38":23,"39":23,"40":23,"41":2,"42":2,"43":2,"44":0,"45":0,"46":0,"47":0,"48":0,"49":0,"50":0,"51":0,"52":0,"53":0,"54":0,"55":0,"56":0,"57":0,"58":0,"59":0,"60":0,"61":0,"62":0,"63":0,"64":0,"65":2,"66":0,"67":2,"68":1,"69":0,"70":1,"71":33,"72":0,"73":0,"74":0,"75":0,"76":0,"77":20,"78":20,"79":20,"80":20,"81":19,"82":17,"83":17,"84":17,"85":15,"86":15,"87":16,"88":16,"89":5,"90":5,"91":5,"92":4,"93":4,"94":3,"95":2,"96":0,"97":0,"98":0,"99":0,"100":0,"101":0,"102":0,"103":0,"104":0,"105":0,"106":0,"107":0,"108":0,"109":0,"110":0,"111":0,"112":0,"113":0,"114":0,"115":0,"116":0,"117":0,"118":0,"119":0,"120":0,"121":0,"122":4,"123":4,"124":4,"125":4,"126":4,"127":4,"128":4,"129":4,"130":4,"131":4,"132":4,"133":4,"134":4,"135":4,"136":4},"b":{"1":[81,0],"2":[2,88],"3":[85,3],"4":[88,0],"5":[88,0],"6":[0,1],"7":[8,21],"8":[0,4],"9":[84,0],"10":[84,0],"11":[84,0],"12":[84,0],"13":[23,0],"14":[23,0],"15":[23,0],"16":[23,0],"17":[23,0],"18":[22,1],"19":[23,0],"20":[22,1],"21":[2,1],"22":[2,0],"23":[0,0],"24":[0,0],"25":[0,0],"26":[0,0],"27":[0,0],"28":[0,0],"29":[0,0],"30":[0,0],"31":[0,0],"32":[0,0],"33":[0,0],"34":[0,0],"35":[0,0],"36":[0,0],"37":[0,2],"38":[0,1],"39":[0,0],"40":[0,0],"41":[0,0],"42":[20,2],"43":[20,0],"44":[20,0],"45":[20,0],"46":[20,0],"47":[18,2],"48":[17,2],"49":[16,1],"50":[15,2],"51":[14,1],"52":[5,1],"53":[5,0],"54":[5,0],"55":[4,1],"56":[3,0],"57":[2,0],"58":[0,0],"59":[0,0],"60":[0,0],"61":[0,0],"62":[0,0],"63":[0,0],"64":[0,0],"65":[0,0],"66":[0,0],"67":[0,0],"68":[0,0],"69":[0,0],"70":[0,0],"71":[4,1],"72":[4,0],"73":[4,0],"74":[4,0],"75":[4,0],"76":[0,4],"77":[2,0]},"f":{"1":1,"2":81,"3":133,"4":1,"5":0,"6":90,"7":1,"8":29,"9":4,"10":84,"11":23,"12":2,"13":0,"14":0,"15":0,"16":0,"17":0,"18":0,"19":0,"20":2,"21":1,"22":33,"23":0,"24":20,"25":5,"26":3,"27":2,"28":0,"29":4,"30":2},"fnMap":{"1":{"name":"constructor","line":88,"loc":{"start":{"line":88,"column":4},"end":{"line":90,"column":4}}},"2":{"name":"initialize","line":98,"loc":{"start":{"line":92,"column":4},"end":{"line":126,"column":4}}},"3":{"name":"totalAssets","line":129,"loc":{"start":{"line":129,"column":4},"end":{"line":131,"column":4}}},"4":{"name":"_convertToShares","line":134,"loc":{"start":{"line":134,"column":4},"end":{"line":139,"column":4}}},"5":{"name":"_convertToAssets","line":141,"loc":{"start":{"line":141,"column":4},"end":{"line":146,"column":4}}},"6":{"name":"maxDeposit","line":149,"loc":{"start":{"line":149,"column":4},"end":{"line":165,"column":4}}},"7":{"name":"maxMint","line":167,"loc":{"start":{"line":167,"column":4},"end":{"line":173,"column":4}}},"8":{"name":"maxWithdraw","line":175,"loc":{"start":{"line":175,"column":4},"end":{"line":178,"column":4}}},"9":{"name":"maxRedeem","line":180,"loc":{"start":{"line":180,"column":4},"end":{"line":183,"column":4}}},"10":{"name":"_deposit","line":191,"loc":{"start":{"line":186,"column":4},"end":{"line":209,"column":4}}},"11":{"name":"_withdraw","line":218,"loc":{"start":{"line":212,"column":4},"end":{"line":254,"column":4}}},"12":{"name":"setWithdrawalCooldown","line":259,"loc":{"start":{"line":257,"column":4},"end":{"line":264,"column":4}}},"13":{"name":"setMaxUserDeposit","line":268,"loc":{"start":{"line":266,"column":4},"end":{"line":273,"column":4}}},"14":{"name":"setMaxTotalDeposits","line":277,"loc":{"start":{"line":275,"column":4},"end":{"line":285,"column":4}}},"15":{"name":"setMinReserveRatio","line":289,"loc":{"start":{"line":287,"column":4},"end":{"line":294,"column":4}}},"16":{"name":"setMaxNAVChange","line":298,"loc":{"start":{"line":296,"column":4},"end":{"line":303,"column":4}}},"17":{"name":"setNAVUpdateDelay","line":307,"loc":{"start":{"line":305,"column":4},"end":{"line":312,"column":4}}},"18":{"name":"setTokenName","line":320,"loc":{"start":{"line":318,"column":4},"end":{"line":325,"column":4}}},"19":{"name":"setTokenSymbol","line":329,"loc":{"start":{"line":327,"column":4},"end":{"line":334,"column":4}}},"20":{"name":"name","line":337,"loc":{"start":{"line":337,"column":4},"end":{"line":347,"column":4}}},"21":{"name":"symbol","line":350,"loc":{"start":{"line":350,"column":4},"end":{"line":360,"column":4}}},"22":{"name":"canWithdraw","line":363,"loc":{"start":{"line":363,"column":4},"end":{"line":368,"column":4}}},"23":{"name":"timeUntilWithdrawal","line":371,"loc":{"start":{"line":371,"column":4},"end":{"line":379,"column":4}}},"24":{"name":"updateNAV","line":385,"loc":{"start":{"line":382,"column":4},"end":{"line":424,"column":4}}},"25":{"name":"withdrawToTreasury","line":429,"loc":{"start":{"line":427,"column":4},"end":{"line":435,"column":4}}},"26":{"name":"pause","line":438,"loc":{"start":{"line":438,"column":4},"end":{"line":440,"column":4}}},"27":{"name":"unpause","line":442,"loc":{"start":{"line":442,"column":4},"end":{"line":444,"column":4}}},"28":{"name":"batchWithdraw","line":451,"loc":{"start":{"line":447,"column":4},"end":{"line":521,"column":4}}},"29":{"name":"emergencyBatchWithdraw","line":527,"loc":{"start":{"line":524,"column":4},"end":{"line":563,"column":4}}},"30":{"name":"_authorizeUpgrade","line":568,"loc":{"start":{"line":566,"column":4},"end":{"line":568,"column":49}}}},"statementMap":{"1":{"start":{"line":89,"column":8},"end":{"line":89,"column":29}},"2":{"start":{"line":99,"column":8},"end":{"line":99,"column":35}},"3":{"start":{"line":100,"column":8},"end":{"line":100,"column":34}},"4":{"start":{"line":101,"column":8},"end":{"line":101,"column":24}},"5":{"start":{"line":102,"column":8},"end":{"line":102,"column":31}},"6":{"start":{"line":103,"column":8},"end":{"line":103,"column":29}},"7":{"start":{"line":104,"column":8},"end":{"line":104,"column":31}},"8":{"start":{"line":120,"column":8},"end":{"line":120,"column":52}},"9":{"start":{"line":121,"column":8},"end":{"line":121,"column":44}},"10":{"start":{"line":122,"column":8},"end":{"line":122,"column":45}},"11":{"start":{"line":123,"column":8},"end":{"line":123,"column":47}},"12":{"start":{"line":124,"column":8},"end":{"line":124,"column":45}},"13":{"start":{"line":125,"column":8},"end":{"line":125,"column":47}},"14":{"start":{"line":130,"column":8},"end":{"line":130,"column":33}},"15":{"start":{"line":138,"column":8},"end":{"line":138,"column":68}},"16":{"start":{"line":145,"column":8},"end":{"line":145,"column":68}},"17":{"start":{"line":152,"column":8},"end":{"line":152,"column":30}},"18":{"start":{"line":152,"column":22},"end":{"line":152,"column":30}},"19":{"start":{"line":154,"column":8},"end":{"line":154,"column":5948}},"20":{"start":{"line":157,"column":8},"end":{"line":157,"column":6099}},"21":{"start":{"line":161,"column":8},"end":{"line":161,"column":6271}},"22":{"start":{"line":168,"column":8},"end":{"line":168,"column":48}},"23":{"start":{"line":169,"column":8},"end":{"line":169,"column":6588}},"24":{"start":{"line":176,"column":8},"end":{"line":176,"column":41}},"25":{"start":{"line":176,"column":33},"end":{"line":176,"column":41}},"26":{"start":{"line":177,"column":8},"end":{"line":177,"column":39}},"27":{"start":{"line":181,"column":8},"end":{"line":181,"column":41}},"28":{"start":{"line":181,"column":33},"end":{"line":181,"column":41}},"29":{"start":{"line":182,"column":8},"end":{"line":182,"column":37}},"30":{"start":{"line":193,"column":8},"end":{"line":193,"column":7284}},"31":{"start":{"line":198,"column":8},"end":{"line":198,"column":7449}},"32":{"start":{"line":203,"column":8},"end":{"line":203,"column":55}},"33":{"start":{"line":220,"column":8},"end":{"line":220,"column":8101}},"34":{"start":{"line":226,"column":8},"end":{"line":226,"column":8318}},"35":{"start":{"line":232,"column":8},"end":{"line":232,"column":8516}},"36":{"start":{"line":238,"column":8},"end":{"line":238,"column":71}},"37":{"start":{"line":239,"column":8},"end":{"line":239,"column":8781}},"38":{"start":{"line":242,"column":8},"end":{"line":242,"column":72}},"39":{"start":{"line":244,"column":8},"end":{"line":244,"column":63}},"40":{"start":{"line":248,"column":8},"end":{"line":248,"column":9124}},"41":{"start":{"line":260,"column":8},"end":{"line":260,"column":57}},"42":{"start":{"line":261,"column":8},"end":{"line":261,"column":45}},"43":{"start":{"line":263,"column":8},"end":{"line":263,"column":59}},"44":{"start":{"line":269,"column":8},"end":{"line":269,"column":72}},"45":{"start":{"line":270,"column":8},"end":{"line":270,"column":41}},"46":{"start":{"line":272,"column":8},"end":{"line":272,"column":61}},"47":{"start":{"line":278,"column":8},"end":{"line":278,"column":10170}},"48":{"start":{"line":282,"column":8},"end":{"line":282,"column":43}},"49":{"start":{"line":284,"column":8},"end":{"line":284,"column":65}},"50":{"start":{"line":290,"column":8},"end":{"line":290,"column":67}},"51":{"start":{"line":291,"column":8},"end":{"line":291,"column":42}},"52":{"start":{"line":293,"column":8},"end":{"line":293,"column":63}},"53":{"start":{"line":299,"column":8},"end":{"line":299,"column":64}},"54":{"start":{"line":300,"column":8},"end":{"line":300,"column":39}},"55":{"start":{"line":302,"column":8},"end":{"line":302,"column":57}},"56":{"start":{"line":308,"column":8},"end":{"line":308,"column":61}},"57":{"start":{"line":309,"column":8},"end":{"line":309,"column":41}},"58":{"start":{"line":311,"column":8},"end":{"line":311,"column":61}},"59":{"start":{"line":321,"column":8},"end":{"line":321,"column":66}},"60":{"start":{"line":322,"column":8},"end":{"line":322,"column":38}},"61":{"start":{"line":324,"column":8},"end":{"line":324,"column":48}},"62":{"start":{"line":330,"column":8},"end":{"line":330,"column":70}},"63":{"start":{"line":331,"column":8},"end":{"line":331,"column":42}},"64":{"start":{"line":333,"column":8},"end":{"line":333,"column":54}},"65":{"start":{"line":343,"column":8},"end":{"line":343,"column":12426}},"66":{"start":{"line":344,"column":12},"end":{"line":344,"column":30}},"67":{"start":{"line":346,"column":8},"end":{"line":346,"column":27}},"68":{"start":{"line":356,"column":8},"end":{"line":356,"column":12768}},"69":{"start":{"line":357,"column":12},"end":{"line":357,"column":32}},"70":{"start":{"line":359,"column":8},"end":{"line":359,"column":29}},"71":{"start":{"line":364,"column":8},"end":{"line":364,"column":13087}},"72":{"start":{"line":372,"column":8},"end":{"line":372,"column":72}},"73":{"start":{"line":373,"column":8},"end":{"line":373,"column":64}},"74":{"start":{"line":374,"column":8},"end":{"line":374,"column":73}},"75":{"start":{"line":376,"column":8},"end":{"line":376,"column":78}},"76":{"start":{"line":378,"column":8},"end":{"line":378,"column":71}},"77":{"start":{"line":386,"column":8},"end":{"line":386,"column":50}},"78":{"start":{"line":387,"column":8},"end":{"line":387,"column":14094}},"79":{"start":{"line":393,"column":8},"end":{"line":393,"column":14278}},"80":{"start":{"line":394,"column":12},"end":{"line":394,"column":14367}},"81":{"start":{"line":398,"column":12},"end":{"line":398,"column":69}},"82":{"start":{"line":401,"column":12},"end":{"line":401,"column":14651}},"83":{"start":{"line":408,"column":8},"end":{"line":408,"column":71}},"84":{"start":{"line":409,"column":8},"end":{"line":409,"column":14946}},"85":{"start":{"line":410,"column":12},"end":{"line":410,"column":15029}},"86":{"start":{"line":412,"column":12},"end":{"line":412,"column":15103}},"87":{"start":{"line":419,"column":8},"end":{"line":419,"column":35}},"88":{"start":{"line":423,"column":8},"end":{"line":423,"column":72}},"89":{"start":{"line":430,"column":8},"end":{"line":430,"column":41}},"90":{"start":{"line":431,"column":8},"end":{"line":431,"column":71}},"91":{"start":{"line":432,"column":8},"end":{"line":432,"column":62}},"92":{"start":{"line":433,"column":8},"end":{"line":433,"column":56}},"93":{"start":{"line":434,"column":8},"end":{"line":434,"column":79}},"94":{"start":{"line":439,"column":8},"end":{"line":439,"column":15}},"95":{"start":{"line":443,"column":8},"end":{"line":443,"column":17}},"96":{"start":{"line":452,"column":8},"end":{"line":452,"column":77}},"97":{"start":{"line":453,"column":8},"end":{"line":453,"column":74}},"98":{"start":{"line":454,"column":8},"end":{"line":454,"column":49}},"99":{"start":{"line":455,"column":8},"end":{"line":455,"column":59}},"100":{"start":{"line":457,"column":8},"end":{"line":457,"column":40}},"101":{"start":{"line":458,"column":8},"end":{"line":458,"column":37}},"102":{"start":{"line":461,"column":8},"end":{"line":461,"column":71}},"103":{"start":{"line":462,"column":8},"end":{"line":462,"column":37}},"104":{"start":{"line":463,"column":8},"end":{"line":463,"column":17049}},"105":{"start":{"line":466,"column":8},"end":{"line":466,"column":17183}},"106":{"start":{"line":472,"column":8},"end":{"line":472,"column":17343}},"107":{"start":{"line":473,"column":12},"end":{"line":473,"column":37}},"108":{"start":{"line":474,"column":12},"end":{"line":474,"column":44}},"109":{"start":{"line":475,"column":12},"end":{"line":475,"column":43}},"110":{"start":{"line":477,"column":12},"end":{"line":477,"column":45}},"111":{"start":{"line":478,"column":12},"end":{"line":478,"column":69}},"112":{"start":{"line":480,"column":12},"end":{"line":480,"column":52}},"113":{"start":{"line":483,"column":12},"end":{"line":483,"column":31}},"114":{"start":{"line":484,"column":12},"end":{"line":484,"column":53}},"115":{"start":{"line":487,"column":12},"end":{"line":487,"column":17935}},"116":{"start":{"line":498,"column":12},"end":{"line":498,"column":70}},"117":{"start":{"line":505,"column":8},"end":{"line":505,"column":70}},"118":{"start":{"line":506,"column":8},"end":{"line":506,"column":18538}},"119":{"start":{"line":507,"column":12},"end":{"line":507,"column":18607}},"120":{"start":{"line":509,"column":12},"end":{"line":509,"column":18687}},"121":{"start":{"line":515,"column":8},"end":{"line":515,"column":18828}},"122":{"start":{"line":528,"column":8},"end":{"line":528,"column":74}},"123":{"start":{"line":529,"column":8},"end":{"line":529,"column":49}},"124":{"start":{"line":530,"column":8},"end":{"line":530,"column":59}},"125":{"start":{"line":532,"column":8},"end":{"line":532,"column":40}},"126":{"start":{"line":533,"column":8},"end":{"line":533,"column":37}},"127":{"start":{"line":535,"column":8},"end":{"line":535,"column":19527}},"128":{"start":{"line":536,"column":12},"end":{"line":536,"column":37}},"129":{"start":{"line":537,"column":12},"end":{"line":537,"column":43}},"130":{"start":{"line":538,"column":12},"end":{"line":538,"column":45}},"131":{"start":{"line":540,"column":12},"end":{"line":540,"column":37}},"132":{"start":{"line":542,"column":12},"end":{"line":542,"column":52}},"133":{"start":{"line":544,"column":12},"end":{"line":544,"column":31}},"134":{"start":{"line":545,"column":12},"end":{"line":545,"column":53}},"135":{"start":{"line":553,"column":12},"end":{"line":553,"column":70}},"136":{"start":{"line":557,"column":8},"end":{"line":557,"column":20293}}},"branchMap":{"1":{"line":98,"type":"if","locations":[{"start":{"line":98,"column":13},"end":{"line":98,"column":13}},{"start":{"line":98,"column":13},"end":{"line":98,"column":13}}]},"2":{"line":152,"type":"if","locations":[{"start":{"line":152,"column":8},"end":{"line":152,"column":8}},{"start":{"line":152,"column":8},"end":{"line":152,"column":8}}]},"3":{"line":155,"type":"if","locations":[{"start":{"line":155,"column":14},"end":{"line":155,"column":52}},{"start":{"line":156,"column":14},"end":{"line":156,"column":14}}]},"4":{"line":158,"type":"if","locations":[{"start":{"line":158,"column":14},"end":{"line":158,"column":50}},{"start":{"line":159,"column":14},"end":{"line":159,"column":14}}]},"5":{"line":163,"type":"if","locations":[{"start":{"line":163,"column":18},"end":{"line":163,"column":35}},{"start":{"line":164,"column":18},"end":{"line":164,"column":36}}]},"6":{"line":171,"type":"if","locations":[{"start":{"line":171,"column":18},"end":{"line":171,"column":18}},{"start":{"line":172,"column":18},"end":{"line":172,"column":64}}]},"7":{"line":176,"type":"if","locations":[{"start":{"line":176,"column":8},"end":{"line":176,"column":8}},{"start":{"line":176,"column":8},"end":{"line":176,"column":8}}]},"8":{"line":181,"type":"if","locations":[{"start":{"line":181,"column":8},"end":{"line":181,"column":8}},{"start":{"line":181,"column":8},"end":{"line":181,"column":8}}]},"9":{"line":191,"type":"if","locations":[{"start":{"line":191,"column":24},"end":{"line":191,"column":24}},{"start":{"line":191,"column":24},"end":{"line":191,"column":24}}]},"10":{"line":191,"type":"if","locations":[{"start":{"line":191,"column":37},"end":{"line":191,"column":37}},{"start":{"line":191,"column":37},"end":{"line":191,"column":37}}]},"11":{"line":193,"type":"if","locations":[{"start":{"line":193,"column":8},"end":{"line":193,"column":8}},{"start":{"line":193,"column":8},"end":{"line":193,"column":8}}]},"12":{"line":198,"type":"if","locations":[{"start":{"line":198,"column":8},"end":{"line":198,"column":8}},{"start":{"line":198,"column":8},"end":{"line":198,"column":8}}]},"13":{"line":218,"type":"if","locations":[{"start":{"line":218,"column":24},"end":{"line":218,"column":24}},{"start":{"line":218,"column":24},"end":{"line":218,"column":24}}]},"14":{"line":218,"type":"if","locations":[{"start":{"line":218,"column":37},"end":{"line":218,"column":37}},{"start":{"line":218,"column":37},"end":{"line":218,"column":37}}]},"15":{"line":220,"type":"if","locations":[{"start":{"line":220,"column":8},"end":{"line":220,"column":8}},{"start":{"line":220,"column":8},"end":{"line":220,"column":8}}]},"16":{"line":226,"type":"if","locations":[{"start":{"line":226,"column":8},"end":{"line":226,"column":8}},{"start":{"line":226,"column":8},"end":{"line":226,"column":8}}]},"17":{"line":232,"type":"if","locations":[{"start":{"line":232,"column":8},"end":{"line":232,"column":8}},{"start":{"line":232,"column":8},"end":{"line":232,"column":8}}]},"18":{"line":240,"type":"if","locations":[{"start":{"line":240,"column":14},"end":{"line":240,"column":56}},{"start":{"line":241,"column":14},"end":{"line":241,"column":18}}]},"19":{"line":242,"type":"if","locations":[{"start":{"line":242,"column":8},"end":{"line":242,"column":8}},{"start":{"line":242,"column":8},"end":{"line":242,"column":8}}]},"20":{"line":248,"type":"if","locations":[{"start":{"line":248,"column":8},"end":{"line":248,"column":8}},{"start":{"line":248,"column":8},"end":{"line":248,"column":8}}]},"21":{"line":259,"type":"if","locations":[{"start":{"line":259,"column":15},"end":{"line":259,"column":15}},{"start":{"line":259,"column":15},"end":{"line":259,"column":15}}]},"22":{"line":260,"type":"if","locations":[{"start":{"line":260,"column":8},"end":{"line":260,"column":8}},{"start":{"line":260,"column":8},"end":{"line":260,"column":8}}]},"23":{"line":268,"type":"if","locations":[{"start":{"line":268,"column":15},"end":{"line":268,"column":15}},{"start":{"line":268,"column":15},"end":{"line":268,"column":15}}]},"24":{"line":269,"type":"if","locations":[{"start":{"line":269,"column":8},"end":{"line":269,"column":8}},{"start":{"line":269,"column":8},"end":{"line":269,"column":8}}]},"25":{"line":277,"type":"if","locations":[{"start":{"line":277,"column":15},"end":{"line":277,"column":15}},{"start":{"line":277,"column":15},"end":{"line":277,"column":15}}]},"26":{"line":278,"type":"if","locations":[{"start":{"line":278,"column":8},"end":{"line":278,"column":8}},{"start":{"line":278,"column":8},"end":{"line":278,"column":8}}]},"27":{"line":289,"type":"if","locations":[{"start":{"line":289,"column":15},"end":{"line":289,"column":15}},{"start":{"line":289,"column":15},"end":{"line":289,"column":15}}]},"28":{"line":290,"type":"if","locations":[{"start":{"line":290,"column":8},"end":{"line":290,"column":8}},{"start":{"line":290,"column":8},"end":{"line":290,"column":8}}]},"29":{"line":298,"type":"if","locations":[{"start":{"line":298,"column":15},"end":{"line":298,"column":15}},{"start":{"line":298,"column":15},"end":{"line":298,"column":15}}]},"30":{"line":299,"type":"if","locations":[{"start":{"line":299,"column":8},"end":{"line":299,"column":8}},{"start":{"line":299,"column":8},"end":{"line":299,"column":8}}]},"31":{"line":307,"type":"if","locations":[{"start":{"line":307,"column":15},"end":{"line":307,"column":15}},{"start":{"line":307,"column":15},"end":{"line":307,"column":15}}]},"32":{"line":308,"type":"if","locations":[{"start":{"line":308,"column":8},"end":{"line":308,"column":8}},{"start":{"line":308,"column":8},"end":{"line":308,"column":8}}]},"33":{"line":320,"type":"if","locations":[{"start":{"line":320,"column":15},"end":{"line":320,"column":15}},{"start":{"line":320,"column":15},"end":{"line":320,"column":15}}]},"34":{"line":321,"type":"if","locations":[{"start":{"line":321,"column":8},"end":{"line":321,"column":8}},{"start":{"line":321,"column":8},"end":{"line":321,"column":8}}]},"35":{"line":329,"type":"if","locations":[{"start":{"line":329,"column":15},"end":{"line":329,"column":15}},{"start":{"line":329,"column":15},"end":{"line":329,"column":15}}]},"36":{"line":330,"type":"if","locations":[{"start":{"line":330,"column":8},"end":{"line":330,"column":8}},{"start":{"line":330,"column":8},"end":{"line":330,"column":8}}]},"37":{"line":343,"type":"if","locations":[{"start":{"line":343,"column":8},"end":{"line":343,"column":8}},{"start":{"line":343,"column":8},"end":{"line":343,"column":8}}]},"38":{"line":356,"type":"if","locations":[{"start":{"line":356,"column":8},"end":{"line":356,"column":8}},{"start":{"line":356,"column":8},"end":{"line":356,"column":8}}]},"39":{"line":376,"type":"if","locations":[{"start":{"line":376,"column":53},"end":{"line":376,"column":63}},{"start":{"line":376,"column":67},"end":{"line":376,"column":77}}]},"40":{"line":377,"type":"if","locations":[{"start":{"line":377,"column":47},"end":{"line":377,"column":52}},{"start":{"line":377,"column":56},"end":{"line":377,"column":73}}]},"41":{"line":378,"type":"if","locations":[{"start":{"line":378,"column":43},"end":{"line":378,"column":43}},{"start":{"line":378,"column":47},"end":{"line":378,"column":70}}]},"42":{"line":385,"type":"if","locations":[{"start":{"line":385,"column":15},"end":{"line":385,"column":15}},{"start":{"line":385,"column":15},"end":{"line":385,"column":15}}]},"43":{"line":385,"type":"if","locations":[{"start":{"line":385,"column":37},"end":{"line":385,"column":37}},{"start":{"line":385,"column":37},"end":{"line":385,"column":37}}]},"44":{"line":386,"type":"if","locations":[{"start":{"line":386,"column":8},"end":{"line":386,"column":8}},{"start":{"line":386,"column":8},"end":{"line":386,"column":8}}]},"45":{"line":387,"type":"if","locations":[{"start":{"line":387,"column":8},"end":{"line":387,"column":8}},{"start":{"line":387,"column":8},"end":{"line":387,"column":8}}]},"46":{"line":393,"type":"if","locations":[{"start":{"line":393,"column":8},"end":{"line":393,"column":8}},{"start":{"line":393,"column":8},"end":{"line":393,"column":8}}]},"47":{"line":395,"type":"if","locations":[{"start":{"line":395,"column":18},"end":{"line":395,"column":61}},{"start":{"line":396,"column":18},"end":{"line":396,"column":61}}]},"48":{"line":398,"type":"if","locations":[{"start":{"line":398,"column":12},"end":{"line":398,"column":12}},{"start":{"line":398,"column":12},"end":{"line":398,"column":12}}]},"49":{"line":401,"type":"if","locations":[{"start":{"line":401,"column":12},"end":{"line":401,"column":12}},{"start":{"line":401,"column":12},"end":{"line":401,"column":12}}]},"50":{"line":409,"type":"if","locations":[{"start":{"line":409,"column":8},"end":{"line":409,"column":8}},{"start":{"line":409,"column":8},"end":{"line":409,"column":8}}]},"51":{"line":412,"type":"if","locations":[{"start":{"line":412,"column":12},"end":{"line":412,"column":12}},{"start":{"line":412,"column":12},"end":{"line":412,"column":12}}]},"52":{"line":429,"type":"if","locations":[{"start":{"line":429,"column":15},"end":{"line":429,"column":15}},{"start":{"line":429,"column":15},"end":{"line":429,"column":15}}]},"53":{"line":429,"type":"if","locations":[{"start":{"line":429,"column":39},"end":{"line":429,"column":39}},{"start":{"line":429,"column":39},"end":{"line":429,"column":39}}]},"54":{"line":430,"type":"if","locations":[{"start":{"line":430,"column":8},"end":{"line":430,"column":8}},{"start":{"line":430,"column":8},"end":{"line":430,"column":8}}]},"55":{"line":432,"type":"if","locations":[{"start":{"line":432,"column":8},"end":{"line":432,"column":8}},{"start":{"line":432,"column":8},"end":{"line":432,"column":8}}]},"56":{"line":438,"type":"if","locations":[{"start":{"line":438,"column":30},"end":{"line":438,"column":30}},{"start":{"line":438,"column":30},"end":{"line":438,"column":30}}]},"57":{"line":442,"type":"if","locations":[{"start":{"line":442,"column":32},"end":{"line":442,"column":32}},{"start":{"line":442,"column":32},"end":{"line":442,"column":32}}]},"58":{"line":451,"type":"if","locations":[{"start":{"line":451,"column":15},"end":{"line":451,"column":15}},{"start":{"line":451,"column":15},"end":{"line":451,"column":15}}]},"59":{"line":451,"type":"if","locations":[{"start":{"line":451,"column":36},"end":{"line":451,"column":36}},{"start":{"line":451,"column":36},"end":{"line":451,"column":36}}]},"60":{"line":451,"type":"if","locations":[{"start":{"line":451,"column":49},"end":{"line":451,"column":49}},{"start":{"line":451,"column":49},"end":{"line":451,"column":49}}]},"61":{"line":452,"type":"if","locations":[{"start":{"line":452,"column":8},"end":{"line":452,"column":8}},{"start":{"line":452,"column":8},"end":{"line":452,"column":8}}]},"62":{"line":453,"type":"if","locations":[{"start":{"line":453,"column":8},"end":{"line":453,"column":8}},{"start":{"line":453,"column":8},"end":{"line":453,"column":8}}]},"63":{"line":454,"type":"if","locations":[{"start":{"line":454,"column":8},"end":{"line":454,"column":8}},{"start":{"line":454,"column":8},"end":{"line":454,"column":8}}]},"64":{"line":455,"type":"if","locations":[{"start":{"line":455,"column":8},"end":{"line":455,"column":8}},{"start":{"line":455,"column":8},"end":{"line":455,"column":8}}]},"65":{"line":466,"type":"if","locations":[{"start":{"line":466,"column":8},"end":{"line":466,"column":8}},{"start":{"line":466,"column":8},"end":{"line":466,"column":8}}]},"66":{"line":477,"type":"if","locations":[{"start":{"line":477,"column":12},"end":{"line":477,"column":12}},{"start":{"line":477,"column":12},"end":{"line":477,"column":12}}]},"67":{"line":478,"type":"if","locations":[{"start":{"line":478,"column":12},"end":{"line":478,"column":12}},{"start":{"line":478,"column":12},"end":{"line":478,"column":12}}]},"68":{"line":487,"type":"if","locations":[{"start":{"line":487,"column":12},"end":{"line":487,"column":12}},{"start":{"line":487,"column":12},"end":{"line":487,"column":12}}]},"69":{"line":506,"type":"if","locations":[{"start":{"line":506,"column":8},"end":{"line":506,"column":8}},{"start":{"line":506,"column":8},"end":{"line":506,"column":8}}]},"70":{"line":509,"type":"if","locations":[{"start":{"line":509,"column":12},"end":{"line":509,"column":12}},{"start":{"line":509,"column":12},"end":{"line":509,"column":12}}]},"71":{"line":527,"type":"if","locations":[{"start":{"line":527,"column":15},"end":{"line":527,"column":15}},{"start":{"line":527,"column":15},"end":{"line":527,"column":15}}]},"72":{"line":527,"type":"if","locations":[{"start":{"line":527,"column":36},"end":{"line":527,"column":36}},{"start":{"line":527,"column":36},"end":{"line":527,"column":36}}]},"73":{"line":528,"type":"if","locations":[{"start":{"line":528,"column":8},"end":{"line":528,"column":8}},{"start":{"line":528,"column":8},"end":{"line":528,"column":8}}]},"74":{"line":529,"type":"if","locations":[{"start":{"line":529,"column":8},"end":{"line":529,"column":8}},{"start":{"line":529,"column":8},"end":{"line":529,"column":8}}]},"75":{"line":530,"type":"if","locations":[{"start":{"line":530,"column":8},"end":{"line":530,"column":8}},{"start":{"line":530,"column":8},"end":{"line":530,"column":8}}]},"76":{"line":540,"type":"if","locations":[{"start":{"line":540,"column":12},"end":{"line":540,"column":12}},{"start":{"line":540,"column":12},"end":{"line":540,"column":12}}]},"77":{"line":568,"type":"if","locations":[{"start":{"line":568,"column":24},"end":{"line":568,"column":24}},{"start":{"line":568,"column":24},"end":{"line":568,"column":24}}]}}},"src\\contracts\\MaliciousContracts.sol":{"l":{"18":50,"19":50,"25":0,"26":0,"28":0,"36":2,"37":2,"40":2,"41":2,"44":2,"48":1,"49":1,"52":1,"65":20,"70":0,"71":0,"76":0,"81":0,"82":0,"83":0,"96":50,"97":50,"103":2,"105":2,"108":2,"111":0,"114":0,"116":0,"118":0},"path":"C:\\Users\\JannoJaerv\\repos\\1stdigital\\sFDUSD-contracts\\src\\contracts\\MaliciousContracts.sol","s":{"1":0,"2":0,"3":2,"4":2,"5":2,"6":1,"7":0,"8":0,"9":0,"10":0,"11":2,"12":2,"13":2,"14":0,"15":0,"16":0,"17":0},"b":{"1":[0,0],"2":[0,2],"3":[0,0],"4":[0,2],"5":[0,0]},"f":{"1":50,"2":0,"3":2,"4":1,"5":20,"6":0,"7":0,"8":0,"9":50,"10":2},"fnMap":{"1":{"name":"constructor","line":17,"loc":{"start":{"line":17,"column":4},"end":{"line":20,"column":4}}},"2":{"name":null,"line":24,"loc":{"start":{"line":24,"column":4},"end":{"line":33,"column":4}}},"3":{"name":"startAttack","line":35,"loc":{"start":{"line":35,"column":4},"end":{"line":45,"column":4}}},"4":{"name":"attemptWithdraw","line":47,"loc":{"start":{"line":47,"column":4},"end":{"line":53,"column":4}}},"5":{"name":"constructor","line":64,"loc":{"start":{"line":64,"column":4},"end":{"line":66,"column":4}}},"6":{"name":"drain","line":69,"loc":{"start":{"line":69,"column":4},"end":{"line":72,"column":4}}},"7":{"name":"balanceOf","line":75,"loc":{"start":{"line":75,"column":4},"end":{"line":77,"column":4}}},"8":{"name":"transfer","line":79,"loc":{"start":{"line":79,"column":4},"end":{"line":84,"column":4}}},"9":{"name":"constructor","line":95,"loc":{"start":{"line":95,"column":4},"end":{"line":98,"column":4}}},"10":{"name":"executeFlashLoanAttack","line":100,"loc":{"start":{"line":100,"column":4},"end":{"line":124,"column":4}}}},"statementMap":{"1":{"start":{"line":25,"column":8},"end":{"line":25,"column":749}},"2":{"start":{"line":28,"column":12},"end":{"line":28,"column":881}},"3":{"start":{"line":40,"column":8},"end":{"line":40,"column":46}},"4":{"start":{"line":41,"column":8},"end":{"line":41,"column":1253}},"5":{"start":{"line":44,"column":8},"end":{"line":44,"column":41}},"6":{"start":{"line":49,"column":8},"end":{"line":49,"column":1517}},"7":{"start":{"line":70,"column":8},"end":{"line":70,"column":48}},"8":{"start":{"line":71,"column":8},"end":{"line":71,"column":53}},"9":{"start":{"line":76,"column":8},"end":{"line":76,"column":32}},"10":{"start":{"line":83,"column":8},"end":{"line":83,"column":19}},"11":{"start":{"line":103,"column":8},"end":{"line":103,"column":35}},"12":{"start":{"line":105,"column":8},"end":{"line":105,"column":3009}},"13":{"start":{"line":108,"column":8},"end":{"line":108,"column":42}},"14":{"start":{"line":111,"column":8},"end":{"line":111,"column":3248}},"15":{"start":{"line":114,"column":8},"end":{"line":114,"column":48}},"16":{"start":{"line":116,"column":8},"end":{"line":116,"column":52}},"17":{"start":{"line":118,"column":8},"end":{"line":118,"column":3503}}},"branchMap":{"1":{"line":25,"type":"if","locations":[{"start":{"line":25,"column":8},"end":{"line":25,"column":8}},{"start":{"line":25,"column":8},"end":{"line":25,"column":8}}]},"2":{"line":44,"type":"if","locations":[{"start":{"line":44,"column":8},"end":{"line":44,"column":8}},{"start":{"line":44,"column":8},"end":{"line":44,"column":8}}]},"3":{"line":70,"type":"if","locations":[{"start":{"line":70,"column":8},"end":{"line":70,"column":8}},{"start":{"line":70,"column":8},"end":{"line":70,"column":8}}]},"4":{"line":108,"type":"if","locations":[{"start":{"line":108,"column":8},"end":{"line":108,"column":8}},{"start":{"line":108,"column":8},"end":{"line":108,"column":8}}]},"5":{"line":114,"type":"if","locations":[{"start":{"line":114,"column":8},"end":{"line":114,"column":8}},{"start":{"line":114,"column":8},"end":{"line":114,"column":8}}]}}},"src\\contracts\\TestContracts.sol":{"l":{"19":46,"23":0,"27":0,"31":0,"45":2,"46":2,"54":1},"path":"C:\\Users\\JannoJaerv\\repos\\1stdigital\\sFDUSD-contracts\\src\\contracts\\TestContracts.sol","s":{"1":0,"2":0,"3":0,"4":2,"5":2,"6":1},"b":{},"f":{"1":46,"2":0,"3":0,"4":0,"5":2,"6":1},"fnMap":{"1":{"name":"constructor","line":18,"loc":{"start":{"line":14,"column":4},"end":{"line":20,"column":4}}},"2":{"name":"decimals","line":22,"loc":{"start":{"line":22,"column":4},"end":{"line":24,"column":4}}},"3":{"name":"mint","line":26,"loc":{"start":{"line":26,"column":4},"end":{"line":28,"column":4}}},"4":{"name":"burn","line":30,"loc":{"start":{"line":30,"column":4},"end":{"line":32,"column":4}}},"5":{"name":"depositToVault","line":40,"loc":{"start":{"line":40,"column":4},"end":{"line":47,"column":4}}},"6":{"name":"withdrawFromVault","line":49,"loc":{"start":{"line":49,"column":4},"end":{"line":55,"column":4}}}},"statementMap":{"1":{"start":{"line":23,"column":8},"end":{"line":23,"column":24}},"2":{"start":{"line":27,"column":8},"end":{"line":27,"column":24}},"3":{"start":{"line":31,"column":8},"end":{"line":31,"column":26}},"4":{"start":{"line":45,"column":8},"end":{"line":45,"column":43}},"5":{"start":{"line":46,"column":8},"end":{"line":46,"column":51}},"6":{"start":{"line":54,"column":8},"end":{"line":54,"column":62}}},"branchMap":{}}}